{"/Users/abri/Desktop/Forex Ring Alerts V4/src/alertProcessor.ts": {"path":"/Users/abri/Desktop/Forex Ring Alerts V4/src/alertProcessor.ts","statementMap":{"0":{"start":{"line":16,"column":0},"end":{"line":16,"column":22}},"1":{"start":{"line":6,"column":0},"end":{"line":6,"column":63}},"2":{"start":{"line":8,"column":0},"end":{"line":8,"column":30}},"3":{"start":{"line":17,"column":2},"end":{"line":20,"column":3}},"4":{"start":{"line":18,"column":4},"end":{"line":18,"column":64}},"5":{"start":{"line":19,"column":4},"end":{"line":19,"column":17}},"6":{"start":{"line":21,"column":2},"end":{"line":24,"column":3}},"7":{"start":{"line":22,"column":4},"end":{"line":22,"column":72}},"8":{"start":{"line":23,"column":4},"end":{"line":23,"column":17}},"9":{"start":{"line":26,"column":18},"end":{"line":26,"column":95}},"10":{"start":{"line":28,"column":2},"end":{"line":49,"column":3}},"11":{"start":{"line":29,"column":19},"end":{"line":37,"column":6}},"12":{"start":{"line":38,"column":4},"end":{"line":45,"column":5}},"13":{"start":{"line":39,"column":28},"end":{"line":39,"column":79}},"14":{"start":{"line":40,"column":6},"end":{"line":40,"column":110}},"15":{"start":{"line":41,"column":6},"end":{"line":41,"column":18}},"16":{"start":{"line":43,"column":6},"end":{"line":43,"column":91}},"17":{"start":{"line":44,"column":6},"end":{"line":44,"column":20}},"18":{"start":{"line":47,"column":4},"end":{"line":47,"column":48}},"19":{"start":{"line":48,"column":4},"end":{"line":48,"column":23}}},"fnMap":{"0":{"name":"processAlert","decl":{"start":{"line":16,"column":22},"end":{"line":16,"column":34}},"loc":{"start":{"line":16,"column":59},"end":{"line":50,"column":null}}}},"branchMap":{"0":{"loc":{"start":{"line":17,"column":2},"end":{"line":20,"column":3}},"type":"if","locations":[{"start":{"line":17,"column":2},"end":{"line":20,"column":3}}]},"1":{"loc":{"start":{"line":17,"column":6},"end":{"line":17,"column":44}},"type":"binary-expr","locations":[{"start":{"line":17,"column":6},"end":{"line":17,"column":11}},{"start":{"line":17,"column":15},"end":{"line":17,"column":23}},{"start":{"line":17,"column":27},"end":{"line":17,"column":44}}]},"2":{"loc":{"start":{"line":21,"column":2},"end":{"line":24,"column":3}},"type":"if","locations":[{"start":{"line":21,"column":2},"end":{"line":24,"column":3}}]},"3":{"loc":{"start":{"line":38,"column":4},"end":{"line":45,"column":5}},"type":"if","locations":[{"start":{"line":38,"column":4},"end":{"line":45,"column":5}},{"start":{"line":42,"column":11},"end":{"line":45,"column":5}}]}},"s":{"0":5,"1":5,"2":5,"3":7,"4":3,"5":3,"6":4,"7":1,"8":1,"9":3,"10":3,"11":3,"12":2,"13":1,"14":1,"15":1,"16":1,"17":1,"18":1,"19":1},"f":{"0":7},"b":{"0":[3],"1":[7,6,5],"2":[1],"3":[1,1]}}
,"/Users/abri/Desktop/Forex Ring Alerts V4/src/priceMonitor.ts": {"path":"/Users/abri/Desktop/Forex Ring Alerts V4/src/priceMonitor.ts","statementMap":{"0":{"start":{"line":14,"column":0},"end":{"line":14,"column":22}},"1":{"start":{"line":29,"column":0},"end":{"line":29,"column":22}},"2":{"start":{"line":58,"column":0},"end":{"line":58,"column":22}},"3":{"start":{"line":152,"column":0},"end":{"line":152,"column":16}},"4":{"start":{"line":250,"column":0},"end":{"line":250,"column":22}},"5":{"start":{"line":5,"column":0},"end":{"line":5,"column":71}},"6":{"start":{"line":6,"column":0},"end":{"line":6,"column":85}},"7":{"start":{"line":7,"column":0},"end":{"line":7,"column":48}},"8":{"start":{"line":8,"column":0},"end":{"line":8,"column":30}},"9":{"start":{"line":9,"column":0},"end":{"line":9,"column":69}},"10":{"start":{"line":15,"column":26},"end":{"line":18,"column":23}},"11":{"start":{"line":19,"column":2},"end":{"line":22,"column":3}},"12":{"start":{"line":20,"column":4},"end":{"line":20,"column":60}},"13":{"start":{"line":21,"column":4},"end":{"line":21,"column":14}},"14":{"start":{"line":23,"column":2},"end":{"line":23,"column":20}},"15":{"start":{"line":30,"column":26},"end":{"line":34,"column":13}},"16":{"start":{"line":35,"column":2},"end":{"line":38,"column":3}},"17":{"start":{"line":36,"column":4},"end":{"line":36,"column":63}},"18":{"start":{"line":37,"column":4},"end":{"line":37,"column":16}},"19":{"start":{"line":39,"column":2},"end":{"line":39,"column":22}},"20":{"start":{"line":69,"column":6},"end":{"line":69,"column":16}},"21":{"start":{"line":71,"column":22},"end":{"line":71,"column":23}},"22":{"start":{"line":73,"column":2},"end":{"line":73,"column":51}},"23":{"start":{"line":74,"column":17},"end":{"line":74,"column":40}},"24":{"start":{"line":75,"column":2},"end":{"line":145,"column":3}},"25":{"start":{"line":77,"column":17},"end":{"line":77,"column":39}},"26":{"start":{"line":78,"column":15},"end":{"line":78,"column":37}},"27":{"start":{"line":79,"column":41},"end":{"line":79,"column":80}},"28":{"start":{"line":80,"column":4},"end":{"line":80,"column":29}},"29":{"start":{"line":80,"column":20},"end":{"line":80,"column":29}},"30":{"start":{"line":83,"column":6},"end":{"line":84,"column":73}},"31":{"start":{"line":85,"column":4},"end":{"line":144,"column":5}},"32":{"start":{"line":86,"column":6},"end":{"line":86,"column":48}},"33":{"start":{"line":87,"column":19},"end":{"line":87,"column":53}},"34":{"start":{"line":88,"column":6},"end":{"line":91,"column":7}},"35":{"start":{"line":89,"column":8},"end":{"line":89,"column":62}},"36":{"start":{"line":90,"column":8},"end":{"line":90,"column":17}},"37":{"start":{"line":92,"column":21},"end":{"line":92,"column":26}},"38":{"start":{"line":93,"column":37},"end":{"line":93,"column":41}},"39":{"start":{"line":94,"column":23},"end":{"line":94,"column":84}},"40":{"start":{"line":95,"column":6},"end":{"line":111,"column":7}},"41":{"start":{"line":96,"column":8},"end":{"line":110,"column":9}},"42":{"start":{"line":97,"column":25},"end":{"line":97,"column":60}},"43":{"start":{"line":98,"column":10},"end":{"line":106,"column":11}},"44":{"start":{"line":99,"column":12},"end":{"line":99,"column":28}},"45":{"start":{"line":100,"column":17},"end":{"line":106,"column":11}},"46":{"start":{"line":101,"column":12},"end":{"line":101,"column":31}},"47":{"start":{"line":102,"column":12},"end":{"line":102,"column":109}},"48":{"start":{"line":104,"column":12},"end":{"line":104,"column":77}},"49":{"start":{"line":105,"column":12},"end":{"line":105,"column":97}},"50":{"start":{"line":108,"column":10},"end":{"line":108,"column":50}},"51":{"start":{"line":109,"column":10},"end":{"line":109,"column":106}},"52":{"start":{"line":113,"column":29},"end":{"line":113,"column":56}},"53":{"start":{"line":114,"column":6},"end":{"line":135,"column":7}},"54":{"start":{"line":115,"column":8},"end":{"line":115,"column":33}},"55":{"start":{"line":116,"column":8},"end":{"line":116,"column":45}},"56":{"start":{"line":118,"column":8},"end":{"line":122,"column":9}},"57":{"start":{"line":119,"column":10},"end":{"line":119,"column":71}},"58":{"start":{"line":121,"column":10},"end":{"line":121,"column":91}},"59":{"start":{"line":123,"column":30},"end":{"line":123,"column":81}},"60":{"start":{"line":124,"column":8},"end":{"line":124,"column":121}},"61":{"start":{"line":125,"column":13},"end":{"line":135,"column":7}},"62":{"start":{"line":126,"column":8},"end":{"line":126,"column":33}},"63":{"start":{"line":127,"column":8},"end":{"line":127,"column":77}},"64":{"start":{"line":128,"column":8},"end":{"line":128,"column":102}},"65":{"start":{"line":130,"column":8},"end":{"line":134,"column":9}},"66":{"start":{"line":131,"column":10},"end":{"line":131,"column":71}},"67":{"start":{"line":133,"column":10},"end":{"line":133,"column":91}},"68":{"start":{"line":136,"column":6},"end":{"line":143,"column":7}},"69":{"start":{"line":137,"column":8},"end":{"line":137,"column":75}},"70":{"start":{"line":138,"column":8},"end":{"line":140,"column":9}},"71":{"start":{"line":139,"column":10},"end":{"line":139,"column":83}},"72":{"start":{"line":142,"column":8},"end":{"line":142,"column":97}},"73":{"start":{"line":146,"column":2},"end":{"line":146,"column":49}},"74":{"start":{"line":150,"column":32},"end":{"line":150,"column":49}},"75":{"start":{"line":157,"column":2},"end":{"line":244,"column":4}},"76":{"start":{"line":157,"column":37},"end":{"line":244,"column":4}},"77":{"start":{"line":159,"column":4},"end":{"line":161,"column":5}},"78":{"start":{"line":160,"column":6},"end":{"line":160,"column":19}},"79":{"start":{"line":163,"column":41},"end":{"line":167,"column":15}},"80":{"start":{"line":169,"column":4},"end":{"line":175,"column":5}},"81":{"start":{"line":170,"column":6},"end":{"line":172,"column":7}},"82":{"start":{"line":171,"column":8},"end":{"line":171,"column":21}},"83":{"start":{"line":173,"column":6},"end":{"line":173,"column":100}},"84":{"start":{"line":174,"column":6},"end":{"line":174,"column":19}},"85":{"start":{"line":176,"column":4},"end":{"line":178,"column":5}},"86":{"start":{"line":177,"column":6},"end":{"line":177,"column":19}},"87":{"start":{"line":181,"column":6},"end":{"line":182,"column":69}},"88":{"start":{"line":183,"column":4},"end":{"line":242,"column":5}},"89":{"start":{"line":184,"column":6},"end":{"line":184,"column":44}},"90":{"start":{"line":185,"column":6},"end":{"line":189,"column":7}},"91":{"start":{"line":186,"column":8},"end":{"line":186,"column":69}},"92":{"start":{"line":188,"column":8},"end":{"line":188,"column":89}},"93":{"start":{"line":190,"column":28},"end":{"line":190,"column":79}},"94":{"start":{"line":191,"column":6},"end":{"line":191,"column":144}},"95":{"start":{"line":192,"column":6},"end":{"line":241,"column":7}},"96":{"start":{"line":193,"column":21},"end":{"line":193,"column":51}},"97":{"start":{"line":194,"column":8},"end":{"line":197,"column":9}},"98":{"start":{"line":195,"column":10},"end":{"line":195,"column":64}},"99":{"start":{"line":196,"column":10},"end":{"line":196,"column":23}},"100":{"start":{"line":198,"column":23},"end":{"line":198,"column":28}},"101":{"start":{"line":199,"column":39},"end":{"line":199,"column":43}},"102":{"start":{"line":200,"column":25},"end":{"line":200,"column":86}},"103":{"start":{"line":201,"column":8},"end":{"line":217,"column":9}},"104":{"start":{"line":202,"column":10},"end":{"line":216,"column":11}},"105":{"start":{"line":203,"column":27},"end":{"line":203,"column":58}},"106":{"start":{"line":204,"column":12},"end":{"line":212,"column":13}},"107":{"start":{"line":205,"column":14},"end":{"line":205,"column":30}},"108":{"start":{"line":206,"column":19},"end":{"line":212,"column":13}},"109":{"start":{"line":207,"column":14},"end":{"line":207,"column":33}},"110":{"start":{"line":208,"column":14},"end":{"line":208,"column":111}},"111":{"start":{"line":210,"column":14},"end":{"line":210,"column":79}},"112":{"start":{"line":211,"column":14},"end":{"line":211,"column":99}},"113":{"start":{"line":214,"column":12},"end":{"line":214,"column":52}},"114":{"start":{"line":215,"column":12},"end":{"line":215,"column":108}},"115":{"start":{"line":219,"column":31},"end":{"line":219,"column":58}},"116":{"start":{"line":220,"column":8},"end":{"line":227,"column":9}},"117":{"start":{"line":221,"column":10},"end":{"line":221,"column":35}},"118":{"start":{"line":222,"column":10},"end":{"line":222,"column":47}},"119":{"start":{"line":223,"column":15},"end":{"line":227,"column":9}},"120":{"start":{"line":224,"column":10},"end":{"line":224,"column":35}},"121":{"start":{"line":225,"column":10},"end":{"line":225,"column":79}},"122":{"start":{"line":226,"column":10},"end":{"line":226,"column":94}},"123":{"start":{"line":228,"column":8},"end":{"line":236,"column":9}},"124":{"start":{"line":229,"column":10},"end":{"line":229,"column":77}},"125":{"start":{"line":230,"column":10},"end":{"line":233,"column":11}},"126":{"start":{"line":231,"column":34},"end":{"line":231,"column":85}},"127":{"start":{"line":232,"column":12},"end":{"line":232,"column":125}},"128":{"start":{"line":235,"column":10},"end":{"line":235,"column":99}},"129":{"start":{"line":237,"column":8},"end":{"line":237,"column":20}},"130":{"start":{"line":239,"column":8},"end":{"line":239,"column":73}},"131":{"start":{"line":240,"column":8},"end":{"line":240,"column":21}},"132":{"start":{"line":243,"column":4},"end":{"line":243,"column":17}},"133":{"start":{"line":251,"column":2},"end":{"line":269,"column":3}},"134":{"start":{"line":252,"column":19},"end":{"line":252,"column":44}},"135":{"start":{"line":254,"column":47},"end":{"line":254,"column":56}},"136":{"start":{"line":255,"column":4},"end":{"line":258,"column":5}},"137":{"start":{"line":256,"column":6},"end":{"line":256,"column":74}},"138":{"start":{"line":256,"column":41},"end":{"line":256,"column":74}},"139":{"start":{"line":257,"column":6},"end":{"line":257,"column":48}},"140":{"start":{"line":260,"column":4},"end":{"line":265,"column":5}},"141":{"start":{"line":261,"column":6},"end":{"line":264,"column":7}},"142":{"start":{"line":262,"column":8},"end":{"line":262,"column":36}},"143":{"start":{"line":262,"column":27},"end":{"line":262,"column":36}},"144":{"start":{"line":263,"column":8},"end":{"line":263,"column":113}},"145":{"start":{"line":266,"column":4},"end":{"line":266,"column":99}},"146":{"start":{"line":268,"column":4},"end":{"line":268,"column":86}}},"fnMap":{"0":{"name":"fetchActiveAlerts","decl":{"start":{"line":14,"column":22},"end":{"line":14,"column":39}},"loc":{"start":{"line":14,"column":39},"end":{"line":24,"column":null}}},"1":{"name":"fetchUser","decl":{"start":{"line":29,"column":22},"end":{"line":29,"column":31}},"loc":{"start":{"line":29,"column":47},"end":{"line":40,"column":null}}},"2":{"name":"monitorPrices","decl":{"start":{"line":58,"column":22},"end":{"line":58,"column":35}},"loc":{"start":{"line":63,"column":1},"end":{"line":147,"column":null}}},"3":{"name":"createAlertCallback","decl":{"start":{"line":152,"column":16},"end":{"line":152,"column":35}},"loc":{"start":{"line":155,"column":71},"end":{"line":245,"column":1}}},"4":{"name":"(anonymous_15)","decl":{"start":{"line":157,"column":9},"end":{"line":157,"column":16}},"loc":{"start":{"line":157,"column":37},"end":{"line":244,"column":4}}},"5":{"name":"(anonymous_16)","decl":{"start":{"line":157,"column":37},"end":{"line":157,"column":null}},"loc":{"start":{"line":157,"column":37},"end":{"line":244,"column":3}}},"6":{"name":"initializeSubscriptions","decl":{"start":{"line":250,"column":22},"end":{"line":250,"column":45}},"loc":{"start":{"line":250,"column":45},"end":{"line":270,"column":null}}}},"branchMap":{"0":{"loc":{"start":{"line":19,"column":2},"end":{"line":22,"column":3}},"type":"if","locations":[{"start":{"line":19,"column":2},"end":{"line":22,"column":3}}]},"1":{"loc":{"start":{"line":23,"column":9},"end":{"line":23,"column":19}},"type":"binary-expr","locations":[{"start":{"line":23,"column":9},"end":{"line":23,"column":13}},{"start":{"line":23,"column":17},"end":{"line":23,"column":19}}]},"2":{"loc":{"start":{"line":35,"column":2},"end":{"line":38,"column":3}},"type":"if","locations":[{"start":{"line":35,"column":2},"end":{"line":38,"column":3}}]},"3":{"loc":{"start":{"line":65,"column":23},"end":{"line":65,"column":58}},"type":"default-arg","locations":[{"start":{"line":65,"column":41},"end":{"line":65,"column":58}}]},"4":{"loc":{"start":{"line":66,"column":15},"end":{"line":66,"column":40}},"type":"default-arg","locations":[{"start":{"line":66,"column":31},"end":{"line":66,"column":40}}]},"5":{"loc":{"start":{"line":67,"column":25},"end":{"line":67,"column":70}},"type":"default-arg","locations":[{"start":{"line":67,"column":51},"end":{"line":67,"column":70}}]},"6":{"loc":{"start":{"line":68,"column":18},"end":{"line":68,"column":49}},"type":"default-arg","locations":[{"start":{"line":68,"column":37},"end":{"line":68,"column":49}}]},"7":{"loc":{"start":{"line":69,"column":6},"end":{"line":69,"column":16}},"type":"binary-expr","locations":[{"start":{"line":69,"column":6},"end":{"line":69,"column":10}},{"start":{"line":69,"column":14},"end":{"line":69,"column":16}}]},"8":{"loc":{"start":{"line":80,"column":4},"end":{"line":80,"column":29}},"type":"if","locations":[{"start":{"line":80,"column":4},"end":{"line":80,"column":29}}]},"9":{"loc":{"start":{"line":83,"column":6},"end":{"line":84,"column":73}},"type":"binary-expr","locations":[{"start":{"line":83,"column":7},"end":{"line":83,"column":34}},{"start":{"line":83,"column":38},"end":{"line":83,"column":72}},{"start":{"line":84,"column":7},"end":{"line":84,"column":34}},{"start":{"line":84,"column":38},"end":{"line":84,"column":72}}]},"10":{"loc":{"start":{"line":85,"column":4},"end":{"line":144,"column":5}},"type":"if","locations":[{"start":{"line":85,"column":4},"end":{"line":144,"column":5}}]},"11":{"loc":{"start":{"line":88,"column":6},"end":{"line":91,"column":7}},"type":"if","locations":[{"start":{"line":88,"column":6},"end":{"line":91,"column":7}}]},"12":{"loc":{"start":{"line":94,"column":23},"end":{"line":94,"column":84}},"type":"cond-expr","locations":[{"start":{"line":94,"column":63},"end":{"line":94,"column":80}},{"start":{"line":94,"column":83},"end":{"line":94,"column":84}}]},"13":{"loc":{"start":{"line":95,"column":13},"end":{"line":95,"column":50}},"type":"binary-expr","locations":[{"start":{"line":95,"column":13},"end":{"line":95,"column":37}},{"start":{"line":95,"column":41},"end":{"line":95,"column":50}}]},"14":{"loc":{"start":{"line":98,"column":10},"end":{"line":106,"column":11}},"type":"if","locations":[{"start":{"line":98,"column":10},"end":{"line":106,"column":11}},{"start":{"line":100,"column":17},"end":{"line":106,"column":11}}]},"15":{"loc":{"start":{"line":100,"column":17},"end":{"line":106,"column":11}},"type":"if","locations":[{"start":{"line":100,"column":17},"end":{"line":106,"column":11}},{"start":{"line":103,"column":17},"end":{"line":106,"column":11}}]},"16":{"loc":{"start":{"line":108,"column":22},"end":{"line":108,"column":49}},"type":"binary-expr","locations":[{"start":{"line":108,"column":22},"end":{"line":108,"column":34}},{"start":{"line":108,"column":38},"end":{"line":108,"column":49}}]},"17":{"loc":{"start":{"line":108,"column":22},"end":{"line":108,"column":34}},"type":"cond-expr","locations":[{"start":{"line":108,"column":25},"end":{"line":108,"column":27}},{"start":{"line":108,"column":22},"end":{"line":108,"column":34}}]},"18":{"loc":{"start":{"line":108,"column":22},"end":{"line":108,"column":27}},"type":"binary-expr","locations":[{"start":{"line":108,"column":22},"end":{"line":108,"column":27}},{"start":{"line":108,"column":22},"end":{"line":108,"column":27}}]},"19":{"loc":{"start":{"line":114,"column":6},"end":{"line":135,"column":7}},"type":"if","locations":[{"start":{"line":114,"column":6},"end":{"line":135,"column":7}},{"start":{"line":125,"column":13},"end":{"line":135,"column":7}}]},"20":{"loc":{"start":{"line":125,"column":13},"end":{"line":135,"column":7}},"type":"if","locations":[{"start":{"line":125,"column":13},"end":{"line":135,"column":7}}]},"21":{"loc":{"start":{"line":127,"column":40},"end":{"line":127,"column":76}},"type":"binary-expr","locations":[{"start":{"line":127,"column":40},"end":{"line":127,"column":49}},{"start":{"line":127,"column":53},"end":{"line":127,"column":76}}]},"22":{"loc":{"start":{"line":138,"column":8},"end":{"line":140,"column":9}},"type":"if","locations":[{"start":{"line":138,"column":8},"end":{"line":140,"column":9}}]},"23":{"loc":{"start":{"line":159,"column":4},"end":{"line":161,"column":5}},"type":"if","locations":[{"start":{"line":159,"column":4},"end":{"line":161,"column":5}}]},"24":{"loc":{"start":{"line":169,"column":4},"end":{"line":175,"column":5}},"type":"if","locations":[{"start":{"line":169,"column":4},"end":{"line":175,"column":5}}]},"25":{"loc":{"start":{"line":170,"column":6},"end":{"line":172,"column":7}},"type":"if","locations":[{"start":{"line":170,"column":6},"end":{"line":172,"column":7}}]},"26":{"loc":{"start":{"line":170,"column":10},"end":{"line":170,"column":59}},"type":"binary-expr","locations":[{"start":{"line":170,"column":10},"end":{"line":170,"column":23}},{"start":{"line":170,"column":27},"end":{"line":170,"column":59}}]},"27":{"loc":{"start":{"line":176,"column":4},"end":{"line":178,"column":5}},"type":"if","locations":[{"start":{"line":176,"column":4},"end":{"line":178,"column":5}}]},"28":{"loc":{"start":{"line":176,"column":8},"end":{"line":176,"column":52}},"type":"binary-expr","locations":[{"start":{"line":176,"column":8},"end":{"line":176,"column":20}},{"start":{"line":176,"column":24},"end":{"line":176,"column":52}}]},"29":{"loc":{"start":{"line":181,"column":6},"end":{"line":182,"column":69}},"type":"binary-expr","locations":[{"start":{"line":181,"column":7},"end":{"line":181,"column":34}},{"start":{"line":181,"column":38},"end":{"line":181,"column":68}},{"start":{"line":182,"column":7},"end":{"line":182,"column":34}},{"start":{"line":182,"column":38},"end":{"line":182,"column":68}}]},"30":{"loc":{"start":{"line":183,"column":4},"end":{"line":242,"column":5}},"type":"if","locations":[{"start":{"line":183,"column":4},"end":{"line":242,"column":5}}]},"31":{"loc":{"start":{"line":194,"column":8},"end":{"line":197,"column":9}},"type":"if","locations":[{"start":{"line":194,"column":8},"end":{"line":197,"column":9}}]},"32":{"loc":{"start":{"line":200,"column":25},"end":{"line":200,"column":86}},"type":"cond-expr","locations":[{"start":{"line":200,"column":65},"end":{"line":200,"column":82}},{"start":{"line":200,"column":85},"end":{"line":200,"column":86}}]},"33":{"loc":{"start":{"line":201,"column":15},"end":{"line":201,"column":42}},"type":"binary-expr","locations":[{"start":{"line":201,"column":15},"end":{"line":201,"column":29}},{"start":{"line":201,"column":33},"end":{"line":201,"column":42}}]},"34":{"loc":{"start":{"line":204,"column":12},"end":{"line":212,"column":13}},"type":"if","locations":[{"start":{"line":204,"column":12},"end":{"line":212,"column":13}},{"start":{"line":206,"column":19},"end":{"line":212,"column":13}}]},"35":{"loc":{"start":{"line":206,"column":19},"end":{"line":212,"column":13}},"type":"if","locations":[{"start":{"line":206,"column":19},"end":{"line":212,"column":13}},{"start":{"line":209,"column":19},"end":{"line":212,"column":13}}]},"36":{"loc":{"start":{"line":214,"column":24},"end":{"line":214,"column":51}},"type":"binary-expr","locations":[{"start":{"line":214,"column":24},"end":{"line":214,"column":36}},{"start":{"line":214,"column":40},"end":{"line":214,"column":51}}]},"37":{"loc":{"start":{"line":214,"column":24},"end":{"line":214,"column":36}},"type":"cond-expr","locations":[{"start":{"line":214,"column":27},"end":{"line":214,"column":29}},{"start":{"line":214,"column":24},"end":{"line":214,"column":36}}]},"38":{"loc":{"start":{"line":214,"column":24},"end":{"line":214,"column":29}},"type":"binary-expr","locations":[{"start":{"line":214,"column":24},"end":{"line":214,"column":29}},{"start":{"line":214,"column":24},"end":{"line":214,"column":29}}]},"39":{"loc":{"start":{"line":220,"column":8},"end":{"line":227,"column":9}},"type":"if","locations":[{"start":{"line":220,"column":8},"end":{"line":227,"column":9}},{"start":{"line":223,"column":15},"end":{"line":227,"column":9}}]},"40":{"loc":{"start":{"line":223,"column":15},"end":{"line":227,"column":9}},"type":"if","locations":[{"start":{"line":223,"column":15},"end":{"line":227,"column":9}}]},"41":{"loc":{"start":{"line":225,"column":42},"end":{"line":225,"column":78}},"type":"binary-expr","locations":[{"start":{"line":225,"column":42},"end":{"line":225,"column":51}},{"start":{"line":225,"column":55},"end":{"line":225,"column":78}}]},"42":{"loc":{"start":{"line":230,"column":10},"end":{"line":233,"column":11}},"type":"if","locations":[{"start":{"line":230,"column":10},"end":{"line":233,"column":11}}]},"43":{"loc":{"start":{"line":256,"column":6},"end":{"line":256,"column":74}},"type":"if","locations":[{"start":{"line":256,"column":6},"end":{"line":256,"column":74}}]},"44":{"loc":{"start":{"line":262,"column":8},"end":{"line":262,"column":36}},"type":"if","locations":[{"start":{"line":262,"column":8},"end":{"line":262,"column":36}}]}},"s":{"0":4,"1":4,"2":4,"3":4,"4":4,"5":4,"6":4,"7":4,"8":4,"9":4,"10":0,"11":0,"12":0,"13":0,"14":0,"15":0,"16":0,"17":0,"18":0,"19":0,"20":3,"21":3,"22":3,"23":3,"24":3,"25":3,"26":3,"27":3,"28":3,"29":0,"30":3,"31":3,"32":3,"33":3,"34":3,"35":0,"36":0,"37":3,"38":3,"39":3,"40":3,"41":7,"42":7,"43":7,"44":2,"45":5,"46":5,"47":5,"48":0,"49":0,"50":0,"51":0,"52":3,"53":3,"54":2,"55":2,"56":2,"57":2,"58":0,"59":2,"60":2,"61":1,"62":1,"63":1,"64":1,"65":1,"66":1,"67":0,"68":3,"69":3,"70":3,"71":2,"72":0,"73":3,"74":4,"75":5,"76":4,"77":4,"78":2,"79":2,"80":2,"81":0,"82":0,"83":0,"84":0,"85":2,"86":0,"87":2,"88":2,"89":2,"90":2,"91":2,"92":0,"93":2,"94":2,"95":2,"96":2,"97":2,"98":1,"99":1,"100":1,"101":1,"102":1,"103":1,"104":1,"105":1,"106":1,"107":1,"108":0,"109":0,"110":0,"111":0,"112":0,"113":0,"114":0,"115":1,"116":1,"117":1,"118":1,"119":0,"120":0,"121":0,"122":0,"123":1,"124":1,"125":0,"126":0,"127":0,"128":1,"129":1,"130":0,"131":0,"132":0,"133":0,"134":0,"135":0,"136":0,"137":0,"138":0,"139":0,"140":0,"141":0,"142":0,"143":0,"144":0,"145":0,"146":0},"f":{"0":0,"1":0,"2":3,"3":5,"4":4,"5":4,"6":0},"b":{"0":[0],"1":[0,0],"2":[0],"3":[0],"4":[0],"5":[0],"6":[0],"7":[3,0],"8":[0],"9":[3,3,0,0],"10":[3],"11":[0],"12":[0,3],"13":[10,8],"14":[2,5],"15":[5,0],"16":[0,0],"17":[0,0],"18":[0,0],"19":[2,1],"20":[1],"21":[1,0],"22":[2],"23":[2],"24":[0],"25":[0],"26":[0,0],"27":[0],"28":[2,2],"29":[2,2,0,0],"30":[2],"31":[1],"32":[1,0],"33":[2,2],"34":[1,0],"35":[0,0],"36":[0,0],"37":[0,0],"38":[0,0],"39":[1,0],"40":[0],"41":[0,0],"42":[0],"43":[0],"44":[0]}}
,"/Users/abri/Desktop/Forex Ring Alerts V4/src/config/index.ts": {"path":"/Users/abri/Desktop/Forex Ring Alerts V4/src/config/index.ts","statementMap":{"0":{"start":{"line":30,"column":0},"end":{"line":30,"column":16}},"1":{"start":{"line":5,"column":0},"end":{"line":5,"column":20}},"2":{"start":{"line":6,"column":0},"end":{"line":6,"column":24}},"3":{"start":{"line":7,"column":0},"end":{"line":7,"column":28}},"4":{"start":{"line":10,"column":16},"end":{"line":10,"column":51}},"5":{"start":{"line":11,"column":0},"end":{"line":13,"column":1}},"6":{"start":{"line":12,"column":2},"end":{"line":12,"column":35}},"7":{"start":{"line":32,"column":25},"end":{"line":45,"column":4}},"8":{"start":{"line":47,"column":2},"end":{"line":47,"column":13}}},"fnMap":{"0":{"name":"loadConfig","decl":{"start":{"line":30,"column":16},"end":{"line":30,"column":26}},"loc":{"start":{"line":30,"column":26},"end":{"line":48,"column":1}}}},"branchMap":{"0":{"loc":{"start":{"line":11,"column":0},"end":{"line":13,"column":1}},"type":"if","locations":[{"start":{"line":11,"column":0},"end":{"line":13,"column":1}}]},"1":{"loc":{"start":{"line":33,"column":22},"end":{"line":33,"column":58}},"type":"binary-expr","locations":[{"start":{"line":33,"column":22},"end":{"line":33,"column":52}},{"start":{"line":33,"column":56},"end":{"line":33,"column":58}}]},"2":{"loc":{"start":{"line":34,"column":17},"end":{"line":34,"column":48}},"type":"binary-expr","locations":[{"start":{"line":34,"column":17},"end":{"line":34,"column":42}},{"start":{"line":34,"column":46},"end":{"line":34,"column":48}}]},"3":{"loc":{"start":{"line":35,"column":17},"end":{"line":35,"column":48}},"type":"binary-expr","locations":[{"start":{"line":35,"column":17},"end":{"line":35,"column":42}},{"start":{"line":35,"column":46},"end":{"line":35,"column":48}}]},"4":{"loc":{"start":{"line":36,"column":17},"end":{"line":36,"column":47}},"type":"binary-expr","locations":[{"start":{"line":36,"column":17},"end":{"line":36,"column":41}},{"start":{"line":36,"column":45},"end":{"line":36,"column":47}}]},"5":{"loc":{"start":{"line":37,"column":21},"end":{"line":37,"column":56}},"type":"binary-expr","locations":[{"start":{"line":37,"column":21},"end":{"line":37,"column":50}},{"start":{"line":37,"column":54},"end":{"line":37,"column":56}}]},"6":{"loc":{"start":{"line":38,"column":28},"end":{"line":38,"column":71}},"type":"binary-expr","locations":[{"start":{"line":38,"column":28},"end":{"line":38,"column":65}},{"start":{"line":38,"column":69},"end":{"line":38,"column":71}}]},"7":{"loc":{"start":{"line":39,"column":22},"end":{"line":39,"column":58}},"type":"binary-expr","locations":[{"start":{"line":39,"column":22},"end":{"line":39,"column":52}},{"start":{"line":39,"column":56},"end":{"line":39,"column":58}}]},"8":{"loc":{"start":{"line":40,"column":21},"end":{"line":40,"column":56}},"type":"binary-expr","locations":[{"start":{"line":40,"column":21},"end":{"line":40,"column":50}},{"start":{"line":40,"column":54},"end":{"line":40,"column":56}}]},"9":{"loc":{"start":{"line":41,"column":23},"end":{"line":41,"column":60}},"type":"binary-expr","locations":[{"start":{"line":41,"column":23},"end":{"line":41,"column":54}},{"start":{"line":41,"column":58},"end":{"line":41,"column":60}}]},"10":{"loc":{"start":{"line":42,"column":15},"end":{"line":42,"column":43}},"type":"binary-expr","locations":[{"start":{"line":42,"column":15},"end":{"line":42,"column":37}},{"start":{"line":42,"column":41},"end":{"line":42,"column":43}}]},"11":{"loc":{"start":{"line":43,"column":13},"end":{"line":43,"column":50}},"type":"binary-expr","locations":[{"start":{"line":43,"column":13},"end":{"line":43,"column":33}},{"start":{"line":43,"column":37},"end":{"line":43,"column":50}}]},"12":{"loc":{"start":{"line":44,"column":10},"end":{"line":44,"column":42}},"type":"binary-expr","locations":[{"start":{"line":44,"column":10},"end":{"line":44,"column":34}},{"start":{"line":44,"column":38},"end":{"line":44,"column":42}}]}},"s":{"0":9,"1":9,"2":9,"3":9,"4":9,"5":9,"6":9,"7":11,"8":11},"f":{"0":11},"b":{"0":[9],"1":[11,0],"2":[11,0],"3":[11,11],"4":[11,0],"5":[11,0],"6":[11,0],"7":[11,0],"8":[11,0],"9":[11,0],"10":[11,11],"11":[11,0],"12":[11,0]}}
,"/Users/abri/Desktop/Forex Ring Alerts V4/src/integrations/forex.ts": {"path":"/Users/abri/Desktop/Forex Ring Alerts V4/src/integrations/forex.ts","statementMap":{"0":{"start":{"line":191,"column":0},"end":{"line":191,"column":16}},"1":{"start":{"line":214,"column":0},"end":{"line":214,"column":16}},"2":{"start":{"line":245,"column":0},"end":{"line":245,"column":22}},"3":{"start":{"line":282,"column":0},"end":{"line":282,"column":22}},"4":{"start":{"line":323,"column":0},"end":{"line":323,"column":22}},"5":{"start":{"line":339,"column":0},"end":{"line":339,"column":22}},"6":{"start":{"line":347,"column":0},"end":{"line":347,"column":16}},"7":{"start":{"line":5,"column":0},"end":{"line":5,"column":31}},"8":{"start":{"line":6,"column":0},"end":{"line":6,"column":31}},"9":{"start":{"line":7,"column":0},"end":{"line":7,"column":39}},"10":{"start":{"line":8,"column":0},"end":{"line":8,"column":29}},"11":{"start":{"line":9,"column":0},"end":{"line":9,"column":24}},"12":{"start":{"line":10,"column":0},"end":{"line":10,"column":50}},"13":{"start":{"line":11,"column":0},"end":{"line":11,"column":69}},"14":{"start":{"line":13,"column":31},"end":{"line":13,"column":86}},"15":{"start":{"line":36,"column":60},"end":{"line":36,"column":69}},"16":{"start":{"line":37,"column":27},"end":{"line":37,"column":31}},"17":{"start":{"line":38,"column":13},"end":{"line":38,"column":18}},"18":{"start":{"line":39,"column":19},"end":{"line":39,"column":24}},"19":{"start":{"line":40,"column":46},"end":{"line":40,"column":50}},"20":{"start":{"line":44,"column":42},"end":{"line":44,"column":51}},"21":{"start":{"line":47,"column":2},"end":{"line":47,"column":25}},"22":{"start":{"line":52,"column":16},"end":{"line":52,"column":46}},"23":{"start":{"line":53,"column":2},"end":{"line":53,"column":33}},"24":{"start":{"line":57,"column":0},"end":{"line":68,"column":9}},"25":{"start":{"line":58,"column":2},"end":{"line":58,"column":38}},"26":{"start":{"line":58,"column":31},"end":{"line":58,"column":38}},"27":{"start":{"line":59,"column":14},"end":{"line":59,"column":38}},"28":{"start":{"line":60,"column":12},"end":{"line":60,"column":45}},"29":{"start":{"line":61,"column":2},"end":{"line":66,"column":3}},"30":{"start":{"line":63,"column":22},"end":{"line":63,"column":61}},"31":{"start":{"line":64,"column":21},"end":{"line":64,"column":42}},"32":{"start":{"line":65,"column":4},"end":{"line":65,"column":58}},"33":{"start":{"line":67,"column":2},"end":{"line":67,"column":26}},"34":{"start":{"line":72,"column":20},"end":{"line":72,"column":59}},"35":{"start":{"line":73,"column":2},"end":{"line":73,"column":47}},"36":{"start":{"line":78,"column":17},"end":{"line":78,"column":29}},"37":{"start":{"line":79,"column":2},"end":{"line":83,"column":4}},"38":{"start":{"line":87,"column":29},"end":{"line":87,"column":40}},"39":{"start":{"line":88,"column":2},"end":{"line":88,"column":97}},"40":{"start":{"line":88,"column":90},"end":{"line":88,"column":97}},"41":{"start":{"line":89,"column":2},"end":{"line":89,"column":27}},"42":{"start":{"line":89,"column":20},"end":{"line":89,"column":27}},"43":{"start":{"line":90,"column":2},"end":{"line":90,"column":22}},"44":{"start":{"line":91,"column":2},"end":{"line":91,"column":33}},"45":{"start":{"line":92,"column":2},"end":{"line":95,"column":4}},"46":{"start":{"line":93,"column":4},"end":{"line":93,"column":58}},"47":{"start":{"line":94,"column":4},"end":{"line":94,"column":65}},"48":{"start":{"line":96,"column":2},"end":{"line":166,"column":4}},"49":{"start":{"line":97,"column":4},"end":{"line":165,"column":5}},"50":{"start":{"line":98,"column":23},"end":{"line":98,"column":102}},"51":{"start":{"line":99,"column":6},"end":{"line":162,"column":7}},"52":{"start":{"line":100,"column":8},"end":{"line":161,"column":9}},"53":{"start":{"line":101,"column":10},"end":{"line":101,"column":24}},"54":{"start":{"line":102,"column":10},"end":{"line":102,"column":61}},"55":{"start":{"line":104,"column":10},"end":{"line":108,"column":11}},"56":{"start":{"line":105,"column":29},"end":{"line":105,"column":46}},"57":{"start":{"line":106,"column":12},"end":{"line":106,"column":90}},"58":{"start":{"line":107,"column":12},"end":{"line":107,"column":76}},"59":{"start":{"line":109,"column":15},"end":{"line":161,"column":9}},"60":{"start":{"line":111,"column":23},"end":{"line":111,"column":48}},"61":{"start":{"line":112,"column":22},"end":{"line":112,"column":61}},"62":{"start":{"line":113,"column":22},"end":{"line":113,"column":61}},"63":{"start":{"line":114,"column":22},"end":{"line":114,"column":44}},"64":{"start":{"line":115,"column":36},"end":{"line":121,"column":12}},"65":{"start":{"line":123,"column":10},"end":{"line":125,"column":11}},"66":{"start":{"line":124,"column":12},"end":{"line":124,"column":46}},"67":{"start":{"line":128,"column":28},"end":{"line":128,"column":57}},"68":{"start":{"line":129,"column":10},"end":{"line":157,"column":11}},"69":{"start":{"line":131,"column":34},"end":{"line":131,"column":52}},"70":{"start":{"line":132,"column":12},"end":{"line":146,"column":13}},"71":{"start":{"line":133,"column":14},"end":{"line":145,"column":15}},"72":{"start":{"line":134,"column":31},"end":{"line":134,"column":40}},"73":{"start":{"line":135,"column":34},"end":{"line":135,"column":86}},"74":{"start":{"line":136,"column":16},"end":{"line":142,"column":17}},"75":{"start":{"line":137,"column":19},"end":{"line":139,"column":92}},"76":{"start":{"line":138,"column":20},"end":{"line":138,"column":65}},"77":{"start":{"line":138,"column":44},"end":{"line":138,"column":65}},"78":{"start":{"line":139,"column":41},"end":{"line":139,"column":90}},"79":{"start":{"line":141,"column":18},"end":{"line":141,"column":60}},"80":{"start":{"line":141,"column":39},"end":{"line":141,"column":60}},"81":{"start":{"line":144,"column":16},"end":{"line":144,"column":66}},"82":{"start":{"line":148,"column":12},"end":{"line":156,"column":13}},"83":{"start":{"line":149,"column":14},"end":{"line":149,"column":47}},"84":{"start":{"line":150,"column":14},"end":{"line":150,"column":46}},"85":{"start":{"line":151,"column":14},"end":{"line":155,"column":15}},"86":{"start":{"line":152,"column":33},"end":{"line":152,"column":56}},"87":{"start":{"line":153,"column":16},"end":{"line":153,"column":95}},"88":{"start":{"line":154,"column":16},"end":{"line":154,"column":69}},"89":{"start":{"line":158,"column":15},"end":{"line":161,"column":9}},"90":{"start":{"line":159,"column":10},"end":{"line":159,"column":60}},"91":{"start":{"line":160,"column":10},"end":{"line":160,"column":22}},"92":{"start":{"line":164,"column":6},"end":{"line":164,"column":61}},"93":{"start":{"line":167,"column":2},"end":{"line":179,"column":4}},"94":{"start":{"line":168,"column":4},"end":{"line":168,"column":58}},"95":{"start":{"line":169,"column":4},"end":{"line":169,"column":19}},"96":{"start":{"line":170,"column":4},"end":{"line":170,"column":25}},"97":{"start":{"line":171,"column":4},"end":{"line":171,"column":57}},"98":{"start":{"line":171,"column":26},"end":{"line":171,"column":57}},"99":{"start":{"line":172,"column":4},"end":{"line":172,"column":28}},"100":{"start":{"line":173,"column":4},"end":{"line":178,"column":5}},"101":{"start":{"line":174,"column":6},"end":{"line":177,"column":15}},"102":{"start":{"line":175,"column":8},"end":{"line":175,"column":68}},"103":{"start":{"line":176,"column":8},"end":{"line":176,"column":26}},"104":{"start":{"line":180,"column":2},"end":{"line":183,"column":4}},"105":{"start":{"line":181,"column":4},"end":{"line":181,"column":67}},"106":{"start":{"line":182,"column":4},"end":{"line":182,"column":16}},"107":{"start":{"line":192,"column":20},"end":{"line":192,"column":38}},"108":{"start":{"line":193,"column":18},"end":{"line":193,"column":46}},"109":{"start":{"line":194,"column":2},"end":{"line":197,"column":3}},"110":{"start":{"line":195,"column":4},"end":{"line":195,"column":26}},"111":{"start":{"line":196,"column":4},"end":{"line":196,"column":44}},"112":{"start":{"line":198,"column":2},"end":{"line":198,"column":25}},"113":{"start":{"line":199,"column":2},"end":{"line":199,"column":33}},"114":{"start":{"line":200,"column":21},"end":{"line":200,"column":32}},"115":{"start":{"line":201,"column":2},"end":{"line":201,"column":65}},"116":{"start":{"line":201,"column":15},"end":{"line":201,"column":65}},"117":{"start":{"line":202,"column":2},"end":{"line":206,"column":3}},"118":{"start":{"line":203,"column":21},"end":{"line":203,"column":43}},"119":{"start":{"line":204,"column":4},"end":{"line":204,"column":81}},"120":{"start":{"line":205,"column":4},"end":{"line":205,"column":77}},"121":{"start":{"line":208,"column":2},"end":{"line":208,"column":61}},"122":{"start":{"line":208,"column":15},"end":{"line":208,"column":60}},"123":{"start":{"line":215,"column":20},"end":{"line":215,"column":38}},"124":{"start":{"line":216,"column":20},"end":{"line":216,"column":48}},"125":{"start":{"line":217,"column":2},"end":{"line":229,"column":3}},"126":{"start":{"line":218,"column":24},"end":{"line":218,"column":46}},"127":{"start":{"line":219,"column":4},"end":{"line":219,"column":30}},"128":{"start":{"line":220,"column":4},"end":{"line":228,"column":5}},"129":{"start":{"line":221,"column":6},"end":{"line":221,"column":38}},"130":{"start":{"line":222,"column":6},"end":{"line":222,"column":37}},"131":{"start":{"line":223,"column":6},"end":{"line":227,"column":7}},"132":{"start":{"line":224,"column":25},"end":{"line":224,"column":47}},"133":{"start":{"line":225,"column":8},"end":{"line":225,"column":87}},"134":{"start":{"line":226,"column":8},"end":{"line":226,"column":60}},"135":{"start":{"line":231,"column":2},"end":{"line":237,"column":3}},"136":{"start":{"line":232,"column":4},"end":{"line":232,"column":15}},"137":{"start":{"line":233,"column":4},"end":{"line":233,"column":14}},"138":{"start":{"line":234,"column":4},"end":{"line":234,"column":19}},"139":{"start":{"line":235,"column":4},"end":{"line":235,"column":25}},"140":{"start":{"line":236,"column":4},"end":{"line":236,"column":72}},"141":{"start":{"line":246,"column":38},"end":{"line":246,"column":49}},"142":{"start":{"line":247,"column":17},"end":{"line":247,"column":45}},"143":{"start":{"line":248,"column":2},"end":{"line":248,"column":65}},"144":{"start":{"line":248,"column":15},"end":{"line":248,"column":65}},"145":{"start":{"line":249,"column":14},"end":{"line":249,"column":72}},"146":{"start":{"line":250,"column":2},"end":{"line":275,"column":3}},"147":{"start":{"line":251,"column":16},"end":{"line":251,"column":32}},"148":{"start":{"line":252,"column":4},"end":{"line":255,"column":5}},"149":{"start":{"line":253,"column":6},"end":{"line":253,"column":63}},"150":{"start":{"line":254,"column":6},"end":{"line":254,"column":18}},"151":{"start":{"line":256,"column":17},"end":{"line":256,"column":33}},"152":{"start":{"line":257,"column":4},"end":{"line":260,"column":5}},"153":{"start":{"line":258,"column":6},"end":{"line":258,"column":63}},"154":{"start":{"line":259,"column":6},"end":{"line":259,"column":18}},"155":{"start":{"line":261,"column":16},"end":{"line":261,"column":29}},"156":{"start":{"line":262,"column":16},"end":{"line":262,"column":29}},"157":{"start":{"line":263,"column":16},"end":{"line":263,"column":38}},"158":{"start":{"line":264,"column":30},"end":{"line":270,"column":6}},"159":{"start":{"line":271,"column":4},"end":{"line":271,"column":17}},"160":{"start":{"line":273,"column":4},"end":{"line":273,"column":62}},"161":{"start":{"line":274,"column":4},"end":{"line":274,"column":16}},"162":{"start":{"line":283,"column":21},"end":{"line":283,"column":32}},"163":{"start":{"line":284,"column":2},"end":{"line":284,"column":65}},"164":{"start":{"line":284,"column":15},"end":{"line":284,"column":65}},"165":{"start":{"line":286,"column":14},"end":{"line":286,"column":103}},"166":{"start":{"line":287,"column":2},"end":{"line":317,"column":3}},"167":{"start":{"line":288,"column":16},"end":{"line":288,"column":32}},"168":{"start":{"line":289,"column":4},"end":{"line":292,"column":5}},"169":{"start":{"line":290,"column":6},"end":{"line":290,"column":72}},"170":{"start":{"line":291,"column":6},"end":{"line":291,"column":53}},"171":{"start":{"line":293,"column":17},"end":{"line":293,"column":33}},"172":{"start":{"line":294,"column":4},"end":{"line":297,"column":5}},"173":{"start":{"line":295,"column":6},"end":{"line":295,"column":72}},"174":{"start":{"line":296,"column":6},"end":{"line":296,"column":53}},"175":{"start":{"line":299,"column":28},"end":{"line":301,"column":40}},"176":{"start":{"line":300,"column":23},"end":{"line":300,"column":107}},"177":{"start":{"line":301,"column":36},"end":{"line":301,"column":39}},"178":{"start":{"line":303,"column":16},"end":{"line":303,"column":26}},"179":{"start":{"line":304,"column":17},"end":{"line":304,"column":38}},"180":{"start":{"line":305,"column":18},"end":{"line":305,"column":40}},"181":{"start":{"line":306,"column":22},"end":{"line":306,"column":84}},"182":{"start":{"line":307,"column":21},"end":{"line":310,"column":6}},"183":{"start":{"line":311,"column":4},"end":{"line":311,"column":78}},"184":{"start":{"line":312,"column":4},"end":{"line":312,"column":91}},"185":{"start":{"line":313,"column":4},"end":{"line":313,"column":17}},"186":{"start":{"line":315,"column":4},"end":{"line":315,"column":63}},"187":{"start":{"line":316,"column":4},"end":{"line":316,"column":14}},"188":{"start":{"line":324,"column":2},"end":{"line":333,"column":3}},"189":{"start":{"line":325,"column":17},"end":{"line":325,"column":67}},"190":{"start":{"line":326,"column":19},"end":{"line":326,"column":35}},"191":{"start":{"line":327,"column":4},"end":{"line":327,"column":45}},"192":{"start":{"line":327,"column":31},"end":{"line":327,"column":45}},"193":{"start":{"line":328,"column":4},"end":{"line":328,"column":67}},"194":{"start":{"line":328,"column":47},"end":{"line":328,"column":67}},"195":{"start":{"line":329,"column":4},"end":{"line":329,"column":14}},"196":{"start":{"line":331,"column":4},"end":{"line":331,"column":61}},"197":{"start":{"line":332,"column":4},"end":{"line":332,"column":14}},"198":{"start":{"line":340,"column":16},"end":{"line":340,"column":44}},"199":{"start":{"line":341,"column":2},"end":{"line":341,"column":44}},"200":{"start":{"line":348,"column":2},"end":{"line":350,"column":3}},"201":{"start":{"line":349,"column":4},"end":{"line":349,"column":32}},"202":{"start":{"line":349,"column":10},"end":{"line":349,"column":21}},"203":{"start":{"line":351,"column":2},"end":{"line":351,"column":12}},"204":{"start":{"line":352,"column":2},"end":{"line":352,"column":17}},"205":{"start":{"line":353,"column":2},"end":{"line":353,"column":23}},"206":{"start":{"line":354,"column":2},"end":{"line":354,"column":55}},"207":{"start":{"line":354,"column":24},"end":{"line":354,"column":55}},"208":{"start":{"line":355,"column":2},"end":{"line":355,"column":26}},"209":{"start":{"line":356,"column":2},"end":{"line":356,"column":24}},"210":{"start":{"line":357,"column":2},"end":{"line":357,"column":23}}},"fnMap":{"0":{"name":"calculateMid","decl":{"start":{"line":46,"column":9},"end":{"line":46,"column":21}},"loc":{"start":{"line":46,"column":46},"end":{"line":48,"column":1}}},"1":{"name":"getPairDecimals","decl":{"start":{"line":50,"column":9},"end":{"line":50,"column":24}},"loc":{"start":{"line":50,"column":37},"end":{"line":54,"column":1}}},"2":{"name":"(anonymous_10)","decl":{"start":{"line":57,"column":12},"end":{"line":57,"column":15}},"loc":{"start":{"line":57,"column":17},"end":{"line":68,"column":1}}},"3":{"name":"getChannels","decl":{"start":{"line":71,"column":9},"end":{"line":71,"column":20}},"loc":{"start":{"line":71,"column":33},"end":{"line":74,"column":1}}},"4":{"name":"getConfig","decl":{"start":{"line":76,"column":9},"end":{"line":76,"column":18}},"loc":{"start":{"line":76,"column":18},"end":{"line":84,"column":1}}},"5":{"name":"ensureWebSocket","decl":{"start":{"line":86,"column":9},"end":{"line":86,"column":24}},"loc":{"start":{"line":86,"column":68},"end":{"line":184,"column":1}}},"6":{"name":"(anonymous_14)","decl":{"start":{"line":92,"column":14},"end":{"line":92,"column":17}},"loc":{"start":{"line":92,"column":19},"end":{"line":95,"column":3}}},"7":{"name":"(anonymous_15)","decl":{"start":{"line":96,"column":17},"end":{"line":96,"column":18}},"loc":{"start":{"line":96,"column":41},"end":{"line":166,"column":3}}},"8":{"name":"(anonymous_16)","decl":{"start":{"line":137,"column":52},"end":{"line":137,"column":53}},"loc":{"start":{"line":137,"column":75},"end":{"line":139,"column":19}}},"9":{"name":"(anonymous_17)","decl":{"start":{"line":139,"column":27},"end":{"line":139,"column":28}},"loc":{"start":{"line":139,"column":41},"end":{"line":139,"column":90}}},"10":{"name":"(anonymous_18)","decl":{"start":{"line":167,"column":15},"end":{"line":167,"column":16}},"loc":{"start":{"line":167,"column":38},"end":{"line":179,"column":3}}},"11":{"name":"(anonymous_19)","decl":{"start":{"line":174,"column":36},"end":{"line":174,"column":39}},"loc":{"start":{"line":174,"column":41},"end":{"line":177,"column":7}}},"12":{"name":"(anonymous_20)","decl":{"start":{"line":180,"column":15},"end":{"line":180,"column":16}},"loc":{"start":{"line":180,"column":35},"end":{"line":183,"column":3}}},"13":{"name":"subscribeToForexPrice","decl":{"start":{"line":191,"column":16},"end":{"line":191,"column":37}},"loc":{"start":{"line":191,"column":113},"end":{"line":209,"column":1}}},"14":{"name":"(anonymous_22)","decl":{"start":{"line":208,"column":9},"end":{"line":208,"column":12}},"loc":{"start":{"line":208,"column":15},"end":{"line":208,"column":60}}},"15":{"name":"unsubscribeFromForexPrice","decl":{"start":{"line":214,"column":16},"end":{"line":214,"column":41}},"loc":{"start":{"line":214,"column":83},"end":{"line":238,"column":1}}},"16":{"name":"getLatestForexPrice","decl":{"start":{"line":245,"column":22},"end":{"line":245,"column":41}},"loc":{"start":{"line":245,"column":66},"end":{"line":276,"column":null}}},"17":{"name":"fetchAndCacheForexPairs","decl":{"start":{"line":282,"column":22},"end":{"line":282,"column":45}},"loc":{"start":{"line":282,"column":45},"end":{"line":318,"column":null}}},"18":{"name":"(anonymous_28)","decl":{"start":{"line":300,"column":11},"end":{"line":300,"column":12}},"loc":{"start":{"line":300,"column":23},"end":{"line":300,"column":107}}},"19":{"name":"(anonymous_29)","decl":{"start":{"line":301,"column":14},"end":{"line":301,"column":15}},"loc":{"start":{"line":301,"column":36},"end":{"line":301,"column":39}}},"20":{"name":"readCachedForexPairs","decl":{"start":{"line":323,"column":22},"end":{"line":323,"column":42}},"loc":{"start":{"line":323,"column":42},"end":{"line":334,"column":null}}},"21":{"name":"isPairValid","decl":{"start":{"line":339,"column":22},"end":{"line":339,"column":33}},"loc":{"start":{"line":339,"column":46},"end":{"line":342,"column":null}}},"22":{"name":"__resetForexSingletonsForTest","decl":{"start":{"line":347,"column":16},"end":{"line":347,"column":45}},"loc":{"start":{"line":347,"column":45},"end":{"line":358,"column":1}}}},"branchMap":{"0":{"loc":{"start":{"line":53,"column":9},"end":{"line":53,"column":32}},"type":"cond-expr","locations":[{"start":{"line":53,"column":27},"end":{"line":53,"column":28}},{"start":{"line":53,"column":31},"end":{"line":53,"column":32}}]},"1":{"loc":{"start":{"line":58,"column":2},"end":{"line":58,"column":38}},"type":"if","locations":[{"start":{"line":58,"column":2},"end":{"line":58,"column":38}}]},"2":{"loc":{"start":{"line":80,"column":21},"end":{"line":80,"column":70}},"type":"binary-expr","locations":[{"start":{"line":80,"column":21},"end":{"line":80,"column":39}},{"start":{"line":80,"column":43},"end":{"line":80,"column":70}}]},"3":{"loc":{"start":{"line":81,"column":12},"end":{"line":81,"column":65}},"type":"binary-expr","locations":[{"start":{"line":81,"column":12},"end":{"line":81,"column":30}},{"start":{"line":81,"column":34},"end":{"line":81,"column":65}}]},"4":{"loc":{"start":{"line":82,"column":12},"end":{"line":82,"column":61}},"type":"binary-expr","locations":[{"start":{"line":82,"column":12},"end":{"line":82,"column":30}},{"start":{"line":82,"column":34},"end":{"line":82,"column":61}}]},"5":{"loc":{"start":{"line":86,"column":25},"end":{"line":86,"column":68}},"type":"default-arg","locations":[{"start":{"line":86,"column":59},"end":{"line":86,"column":68}}]},"6":{"loc":{"start":{"line":88,"column":2},"end":{"line":88,"column":97}},"type":"if","locations":[{"start":{"line":88,"column":2},"end":{"line":88,"column":97}}]},"7":{"loc":{"start":{"line":88,"column":6},"end":{"line":88,"column":88}},"type":"binary-expr","locations":[{"start":{"line":88,"column":6},"end":{"line":88,"column":8}},{"start":{"line":88,"column":13},"end":{"line":88,"column":45}},{"start":{"line":88,"column":49},"end":{"line":88,"column":87}}]},"8":{"loc":{"start":{"line":89,"column":2},"end":{"line":89,"column":27}},"type":"if","locations":[{"start":{"line":89,"column":2},"end":{"line":89,"column":27}}]},"9":{"loc":{"start":{"line":98,"column":34},"end":{"line":98,"column":101}},"type":"cond-expr","locations":[{"start":{"line":98,"column":67},"end":{"line":98,"column":77}},{"start":{"line":98,"column":80},"end":{"line":98,"column":101}}]},"10":{"loc":{"start":{"line":100,"column":8},"end":{"line":161,"column":9}},"type":"if","locations":[{"start":{"line":100,"column":8},"end":{"line":161,"column":9}},{"start":{"line":109,"column":15},"end":{"line":161,"column":9}}]},"11":{"loc":{"start":{"line":100,"column":12},"end":{"line":100,"column":64}},"type":"binary-expr","locations":[{"start":{"line":100,"column":12},"end":{"line":100,"column":31}},{"start":{"line":100,"column":35},"end":{"line":100,"column":64}}]},"12":{"loc":{"start":{"line":109,"column":15},"end":{"line":161,"column":9}},"type":"if","locations":[{"start":{"line":109,"column":15},"end":{"line":161,"column":9}},{"start":{"line":158,"column":15},"end":{"line":161,"column":9}}]},"13":{"loc":{"start":{"line":111,"column":23},"end":{"line":111,"column":48}},"type":"cond-expr","locations":[{"start":{"line":111,"column":31},"end":{"line":111,"column":36}},{"start":{"line":111,"column":39},"end":{"line":111,"column":48}}]},"14":{"loc":{"start":{"line":112,"column":22},"end":{"line":112,"column":61}},"type":"cond-expr","locations":[{"start":{"line":112,"column":50},"end":{"line":112,"column":55}},{"start":{"line":112,"column":58},"end":{"line":112,"column":61}}]},"15":{"loc":{"start":{"line":113,"column":22},"end":{"line":113,"column":61}},"type":"cond-expr","locations":[{"start":{"line":113,"column":50},"end":{"line":113,"column":55}},{"start":{"line":113,"column":58},"end":{"line":113,"column":61}}]},"16":{"loc":{"start":{"line":116,"column":18},"end":{"line":116,"column":51}},"type":"cond-expr","locations":[{"start":{"line":116,"column":25},"end":{"line":116,"column":46}},{"start":{"line":116,"column":49},"end":{"line":116,"column":51}}]},"17":{"loc":{"start":{"line":123,"column":10},"end":{"line":125,"column":11}},"type":"if","locations":[{"start":{"line":123,"column":10},"end":{"line":125,"column":11}}]},"18":{"loc":{"start":{"line":123,"column":14},"end":{"line":123,"column":33}},"type":"binary-expr","locations":[{"start":{"line":123,"column":14},"end":{"line":123,"column":18}},{"start":{"line":123,"column":22},"end":{"line":123,"column":33}}]},"19":{"loc":{"start":{"line":129,"column":10},"end":{"line":157,"column":11}},"type":"if","locations":[{"start":{"line":129,"column":10},"end":{"line":157,"column":11}}]},"20":{"loc":{"start":{"line":135,"column":34},"end":{"line":135,"column":86}},"type":"binary-expr","locations":[{"start":{"line":135,"column":34},"end":{"line":135,"column":40}},{"start":{"line":135,"column":44},"end":{"line":135,"column":86}}]},"21":{"loc":{"start":{"line":136,"column":16},"end":{"line":142,"column":17}},"type":"if","locations":[{"start":{"line":136,"column":16},"end":{"line":142,"column":17}},{"start":{"line":140,"column":23},"end":{"line":142,"column":17}}]},"22":{"loc":{"start":{"line":138,"column":20},"end":{"line":138,"column":65}},"type":"if","locations":[{"start":{"line":138,"column":20},"end":{"line":138,"column":65}}]},"23":{"loc":{"start":{"line":141,"column":18},"end":{"line":141,"column":60}},"type":"if","locations":[{"start":{"line":141,"column":18},"end":{"line":141,"column":60}}]},"24":{"loc":{"start":{"line":148,"column":12},"end":{"line":156,"column":13}},"type":"if","locations":[{"start":{"line":148,"column":12},"end":{"line":156,"column":13}}]},"25":{"loc":{"start":{"line":151,"column":14},"end":{"line":155,"column":15}},"type":"if","locations":[{"start":{"line":151,"column":14},"end":{"line":155,"column":15}}]},"26":{"loc":{"start":{"line":151,"column":18},"end":{"line":151,"column":66}},"type":"binary-expr","locations":[{"start":{"line":151,"column":18},"end":{"line":151,"column":24}},{"start":{"line":151,"column":28},"end":{"line":151,"column":30}},{"start":{"line":151,"column":34},"end":{"line":151,"column":66}}]},"27":{"loc":{"start":{"line":158,"column":15},"end":{"line":161,"column":9}},"type":"if","locations":[{"start":{"line":158,"column":15},"end":{"line":161,"column":9}}]},"28":{"loc":{"start":{"line":158,"column":19},"end":{"line":158,"column":70}},"type":"binary-expr","locations":[{"start":{"line":158,"column":19},"end":{"line":158,"column":38}},{"start":{"line":158,"column":42},"end":{"line":158,"column":70}}]},"29":{"loc":{"start":{"line":171,"column":4},"end":{"line":171,"column":57}},"type":"if","locations":[{"start":{"line":171,"column":4},"end":{"line":171,"column":57}}]},"30":{"loc":{"start":{"line":173,"column":4},"end":{"line":178,"column":5}},"type":"if","locations":[{"start":{"line":173,"column":4},"end":{"line":178,"column":5}}]},"31":{"loc":{"start":{"line":182,"column":4},"end":{"line":182,"column":15}},"type":"cond-expr","locations":[{"start":{"line":182,"column":6},"end":{"line":182,"column":8}},{"start":{"line":182,"column":4},"end":{"line":182,"column":15}}]},"32":{"loc":{"start":{"line":182,"column":4},"end":{"line":182,"column":8}},"type":"binary-expr","locations":[{"start":{"line":182,"column":4},"end":{"line":182,"column":8}},{"start":{"line":182,"column":4},"end":{"line":182,"column":8}}]},"33":{"loc":{"start":{"line":194,"column":2},"end":{"line":197,"column":3}},"type":"if","locations":[{"start":{"line":194,"column":2},"end":{"line":197,"column":3}}]},"34":{"loc":{"start":{"line":201,"column":2},"end":{"line":201,"column":65}},"type":"if","locations":[{"start":{"line":201,"column":2},"end":{"line":201,"column":65}}]},"35":{"loc":{"start":{"line":202,"column":2},"end":{"line":206,"column":3}},"type":"if","locations":[{"start":{"line":202,"column":2},"end":{"line":206,"column":3}}]},"36":{"loc":{"start":{"line":202,"column":6},"end":{"line":202,"column":54}},"type":"binary-expr","locations":[{"start":{"line":202,"column":6},"end":{"line":202,"column":12}},{"start":{"line":202,"column":16},"end":{"line":202,"column":18}},{"start":{"line":202,"column":22},"end":{"line":202,"column":54}}]},"37":{"loc":{"start":{"line":217,"column":2},"end":{"line":229,"column":3}},"type":"if","locations":[{"start":{"line":217,"column":2},"end":{"line":229,"column":3}}]},"38":{"loc":{"start":{"line":220,"column":4},"end":{"line":228,"column":5}},"type":"if","locations":[{"start":{"line":220,"column":4},"end":{"line":228,"column":5}}]},"39":{"loc":{"start":{"line":223,"column":6},"end":{"line":227,"column":7}},"type":"if","locations":[{"start":{"line":223,"column":6},"end":{"line":227,"column":7}}]},"40":{"loc":{"start":{"line":223,"column":10},"end":{"line":223,"column":58}},"type":"binary-expr","locations":[{"start":{"line":223,"column":10},"end":{"line":223,"column":16}},{"start":{"line":223,"column":20},"end":{"line":223,"column":22}},{"start":{"line":223,"column":26},"end":{"line":223,"column":58}}]},"41":{"loc":{"start":{"line":231,"column":2},"end":{"line":237,"column":3}},"type":"if","locations":[{"start":{"line":231,"column":2},"end":{"line":237,"column":3}}]},"42":{"loc":{"start":{"line":231,"column":6},"end":{"line":231,"column":36}},"type":"binary-expr","locations":[{"start":{"line":231,"column":6},"end":{"line":231,"column":30}},{"start":{"line":231,"column":34},"end":{"line":231,"column":36}}]},"43":{"loc":{"start":{"line":248,"column":2},"end":{"line":248,"column":65}},"type":"if","locations":[{"start":{"line":248,"column":2},"end":{"line":248,"column":65}}]},"44":{"loc":{"start":{"line":252,"column":4},"end":{"line":255,"column":5}},"type":"if","locations":[{"start":{"line":252,"column":4},"end":{"line":255,"column":5}}]},"45":{"loc":{"start":{"line":257,"column":4},"end":{"line":260,"column":5}},"type":"if","locations":[{"start":{"line":257,"column":4},"end":{"line":260,"column":5}}]},"46":{"loc":{"start":{"line":257,"column":8},"end":{"line":257,"column":101}},"type":"binary-expr","locations":[{"start":{"line":257,"column":8},"end":{"line":257,"column":13}},{"start":{"line":257,"column":17},"end":{"line":257,"column":27}},{"start":{"line":257,"column":31},"end":{"line":257,"column":64}},{"start":{"line":257,"column":68},"end":{"line":257,"column":101}}]},"47":{"loc":{"start":{"line":284,"column":2},"end":{"line":284,"column":65}},"type":"if","locations":[{"start":{"line":284,"column":2},"end":{"line":284,"column":65}}]},"48":{"loc":{"start":{"line":289,"column":4},"end":{"line":292,"column":5}},"type":"if","locations":[{"start":{"line":289,"column":4},"end":{"line":292,"column":5}}]},"49":{"loc":{"start":{"line":294,"column":4},"end":{"line":297,"column":5}},"type":"if","locations":[{"start":{"line":294,"column":4},"end":{"line":297,"column":5}}]},"50":{"loc":{"start":{"line":294,"column":8},"end":{"line":294,"column":45}},"type":"binary-expr","locations":[{"start":{"line":294,"column":8},"end":{"line":294,"column":13}},{"start":{"line":294,"column":17},"end":{"line":294,"column":45}}]},"51":{"loc":{"start":{"line":300,"column":23},"end":{"line":300,"column":107}},"type":"cond-expr","locations":[{"start":{"line":300,"column":83},"end":{"line":300,"column":100}},{"start":{"line":300,"column":103},"end":{"line":300,"column":107}}]},"52":{"loc":{"start":{"line":300,"column":23},"end":{"line":300,"column":80}},"type":"binary-expr","locations":[{"start":{"line":300,"column":23},"end":{"line":300,"column":51}},{"start":{"line":300,"column":55},"end":{"line":300,"column":80}}]},"53":{"loc":{"start":{"line":327,"column":4},"end":{"line":327,"column":45}},"type":"if","locations":[{"start":{"line":327,"column":4},"end":{"line":327,"column":45}}]},"54":{"loc":{"start":{"line":328,"column":4},"end":{"line":328,"column":67}},"type":"if","locations":[{"start":{"line":328,"column":4},"end":{"line":328,"column":67}}]},"55":{"loc":{"start":{"line":328,"column":8},"end":{"line":328,"column":45}},"type":"binary-expr","locations":[{"start":{"line":328,"column":8},"end":{"line":328,"column":14}},{"start":{"line":328,"column":18},"end":{"line":328,"column":45}}]},"56":{"loc":{"start":{"line":348,"column":2},"end":{"line":350,"column":3}},"type":"if","locations":[{"start":{"line":348,"column":2},"end":{"line":350,"column":3}}]},"57":{"loc":{"start":{"line":354,"column":2},"end":{"line":354,"column":55}},"type":"if","locations":[{"start":{"line":354,"column":2},"end":{"line":354,"column":55}}]}},"s":{"0":7,"1":7,"2":7,"3":7,"4":7,"5":7,"6":7,"7":7,"8":7,"9":7,"10":7,"11":7,"12":7,"13":7,"14":7,"15":7,"16":7,"17":7,"18":7,"19":7,"20":7,"21":2,"22":0,"23":0,"24":7,"25":0,"26":0,"27":0,"28":0,"29":0,"30":0,"31":0,"32":0,"33":0,"34":2,"35":2,"36":6,"37":6,"38":3,"39":3,"40":0,"41":3,"42":0,"43":3,"44":3,"45":3,"46":2,"47":2,"48":3,"49":4,"50":4,"51":4,"52":4,"53":2,"54":2,"55":2,"56":2,"57":2,"58":2,"59":2,"60":2,"61":2,"62":2,"63":2,"64":2,"65":2,"66":2,"67":2,"68":2,"69":2,"70":2,"71":2,"72":2,"73":2,"74":2,"75":0,"76":0,"77":0,"78":0,"79":2,"80":0,"81":0,"82":2,"83":0,"84":0,"85":0,"86":0,"87":0,"88":0,"89":0,"90":0,"91":0,"92":0,"93":3,"94":0,"95":0,"96":0,"97":0,"98":0,"99":0,"100":0,"101":0,"102":0,"103":0,"104":3,"105":0,"106":0,"107":3,"108":3,"109":3,"110":3,"111":3,"112":3,"113":3,"114":3,"115":3,"116":1,"117":2,"118":0,"119":0,"120":0,"121":2,"122":2,"123":2,"124":2,"125":2,"126":2,"127":2,"128":2,"129":2,"130":2,"131":2,"132":0,"133":0,"134":0,"135":2,"136":2,"137":2,"138":2,"139":2,"140":2,"141":0,"142":0,"143":0,"144":0,"145":0,"146":0,"147":0,"148":0,"149":0,"150":0,"151":0,"152":0,"153":0,"154":0,"155":0,"156":0,"157":0,"158":0,"159":0,"160":0,"161":0,"162":0,"163":0,"164":0,"165":0,"166":0,"167":0,"168":0,"169":0,"170":0,"171":0,"172":0,"173":0,"174":0,"175":0,"176":0,"177":0,"178":0,"179":0,"180":0,"181":0,"182":0,"183":0,"184":0,"185":0,"186":0,"187":0,"188":0,"189":0,"190":0,"191":0,"192":0,"193":0,"194":0,"195":0,"196":0,"197":0,"198":0,"199":0,"200":3,"201":1,"202":1,"203":3,"204":3,"205":3,"206":3,"207":0,"208":3,"209":3,"210":3},"f":{"0":2,"1":0,"2":0,"3":2,"4":6,"5":3,"6":2,"7":4,"8":0,"9":0,"10":0,"11":0,"12":0,"13":3,"14":2,"15":2,"16":0,"17":0,"18":0,"19":0,"20":0,"21":0,"22":3},"b":{"0":[0,0],"1":[0],"2":[6,6],"3":[6,6],"4":[6,2],"5":[0],"6":[0],"7":[3,0,0],"8":[0],"9":[4,0],"10":[2,2],"11":[4,2],"12":[2,0],"13":[2,0],"14":[2,0],"15":[2,0],"16":[2,0],"17":[2],"18":[2,2],"19":[2],"20":[2,0],"21":[0,2],"22":[0],"23":[0],"24":[0],"25":[0],"26":[0,0,0],"27":[0],"28":[0,0],"29":[0],"30":[0],"31":[0,0],"32":[0,0],"33":[3],"34":[1],"35":[0],"36":[2,0,0],"37":[2],"38":[2],"39":[0],"40":[2,2,2],"41":[2],"42":[2,2],"43":[0],"44":[0],"45":[0],"46":[0,0,0,0],"47":[0],"48":[0],"49":[0],"50":[0,0],"51":[0,0],"52":[0,0],"53":[0],"54":[0],"55":[0,0],"56":[1],"57":[0]}}
,"/Users/abri/Desktop/Forex Ring Alerts V4/src/integrations/notification.ts": {"path":"/Users/abri/Desktop/Forex Ring Alerts V4/src/integrations/notification.ts","statementMap":{"0":{"start":{"line":105,"column":0},"end":{"line":105,"column":22}},"1":{"start":{"line":140,"column":0},"end":{"line":140,"column":22}},"2":{"start":{"line":9,"column":0},"end":{"line":9,"column":32}},"3":{"start":{"line":10,"column":0},"end":{"line":10,"column":31}},"4":{"start":{"line":11,"column":0},"end":{"line":11,"column":39}},"5":{"start":{"line":13,"column":15},"end":{"line":13,"column":27}},"6":{"start":{"line":27,"column":47},"end":{"line":69,"column":2}},"7":{"start":{"line":72,"column":2},"end":{"line":72,"column":34}},"8":{"start":{"line":76,"column":15},"end":{"line":76,"column":45}},"9":{"start":{"line":77,"column":16},"end":{"line":77,"column":46}},"10":{"start":{"line":78,"column":19},"end":{"line":78,"column":57}},"11":{"start":{"line":79,"column":20},"end":{"line":79,"column":60}},"12":{"start":{"line":80,"column":2},"end":{"line":80,"column":36}},"13":{"start":{"line":84,"column":16},"end":{"line":84,"column":46}},"14":{"start":{"line":85,"column":2},"end":{"line":85,"column":33}},"15":{"start":{"line":89,"column":19},"end":{"line":89,"column":40}},"16":{"start":{"line":90,"column":18},"end":{"line":90,"column":77}},"17":{"start":{"line":91,"column":19},"end":{"line":91,"column":40}},"18":{"start":{"line":92,"column":19},"end":{"line":92,"column":80}},"19":{"start":{"line":93,"column":19},"end":{"line":93,"column":56}},"20":{"start":{"line":94,"column":2},"end":{"line":94,"column":256}},"21":{"start":{"line":106,"column":2},"end":{"line":109,"column":3}},"22":{"start":{"line":107,"column":4},"end":{"line":107,"column":68}},"23":{"start":{"line":108,"column":4},"end":{"line":108,"column":62}},"24":{"start":{"line":110,"column":2},"end":{"line":132,"column":3}},"25":{"start":{"line":111,"column":19},"end":{"line":111,"column":78}},"26":{"start":{"line":113,"column":18},"end":{"line":115,"column":100}},"27":{"start":{"line":116,"column":4},"end":{"line":121,"column":7}},"28":{"start":{"line":122,"column":4},"end":{"line":122,"column":29}},"29":{"start":{"line":124,"column":4},"end":{"line":124,"column":67}},"30":{"start":{"line":125,"column":17},"end":{"line":125,"column":32}},"31":{"start":{"line":126,"column":4},"end":{"line":130,"column":5}},"32":{"start":{"line":127,"column":6},"end":{"line":127,"column":105}},"33":{"start":{"line":128,"column":11},"end":{"line":130,"column":5}},"34":{"start":{"line":129,"column":6},"end":{"line":129,"column":19}},"35":{"start":{"line":131,"column":4},"end":{"line":131,"column":45}},"36":{"start":{"line":141,"column":2},"end":{"line":171,"column":3}},"37":{"start":{"line":142,"column":19},"end":{"line":142,"column":115}},"38":{"start":{"line":143,"column":4},"end":{"line":154,"column":5}},"39":{"start":{"line":144,"column":6},"end":{"line":144,"column":112}},"40":{"start":{"line":145,"column":6},"end":{"line":153,"column":7}},"41":{"start":{"line":146,"column":40},"end":{"line":146,"column":66}},"42":{"start":{"line":147,"column":8},"end":{"line":150,"column":11}},"43":{"start":{"line":152,"column":8},"end":{"line":152,"column":58}},"44":{"start":{"line":155,"column":4},"end":{"line":155,"column":48}},"45":{"start":{"line":156,"column":9},"end":{"line":171,"column":3}},"46":{"start":{"line":157,"column":4},"end":{"line":167,"column":5}},"47":{"start":{"line":158,"column":38},"end":{"line":158,"column":64}},"48":{"start":{"line":159,"column":6},"end":{"line":162,"column":9}},"49":{"start":{"line":163,"column":6},"end":{"line":163,"column":18}},"50":{"start":{"line":165,"column":6},"end":{"line":165,"column":63}},"51":{"start":{"line":166,"column":6},"end":{"line":166,"column":47}},"52":{"start":{"line":169,"column":4},"end":{"line":169,"column":70}},"53":{"start":{"line":170,"column":4},"end":{"line":170,"column":42}}},"fnMap":{"0":{"name":"spellOut","decl":{"start":{"line":71,"column":9},"end":{"line":71,"column":17}},"loc":{"start":{"line":71,"column":30},"end":{"line":73,"column":1}}},"1":{"name":"getFullPairName","decl":{"start":{"line":75,"column":9},"end":{"line":75,"column":24}},"loc":{"start":{"line":75,"column":37},"end":{"line":81,"column":1}}},"2":{"name":"getPairDecimals","decl":{"start":{"line":83,"column":9},"end":{"line":83,"column":24}},"loc":{"start":{"line":83,"column":37},"end":{"line":86,"column":1}}},"3":{"name":"buildVoiceAlertTwiML","decl":{"start":{"line":88,"column":9},"end":{"line":88,"column":29}},"loc":{"start":{"line":88,"column":76},"end":{"line":95,"column":1}}},"4":{"name":"sendVoiceCall","decl":{"start":{"line":105,"column":22},"end":{"line":105,"column":35}},"loc":{"start":{"line":105,"column":114},"end":{"line":133,"column":null}}},"5":{"name":"sendNotification","decl":{"start":{"line":140,"column":22},"end":{"line":140,"column":38}},"loc":{"start":{"line":140,"column":128},"end":{"line":172,"column":null}}},"6":{"name":"(anonymous_25)","decl":{"start":{"line":146,"column":40},"end":{"line":146,"column":53}},"loc":{"start":{"line":146,"column":40},"end":{"line":146,"column":66}}},"7":{"name":"(anonymous_26)","decl":{"start":{"line":158,"column":38},"end":{"line":158,"column":51}},"loc":{"start":{"line":158,"column":38},"end":{"line":158,"column":64}}}},"branchMap":{"0":{"loc":{"start":{"line":78,"column":19},"end":{"line":78,"column":57}},"type":"binary-expr","locations":[{"start":{"line":78,"column":19},"end":{"line":78,"column":39}},{"start":{"line":78,"column":43},"end":{"line":78,"column":57}}]},"1":{"loc":{"start":{"line":79,"column":20},"end":{"line":79,"column":60}},"type":"binary-expr","locations":[{"start":{"line":79,"column":20},"end":{"line":79,"column":41}},{"start":{"line":79,"column":45},"end":{"line":79,"column":60}}]},"2":{"loc":{"start":{"line":85,"column":9},"end":{"line":85,"column":32}},"type":"cond-expr","locations":[{"start":{"line":85,"column":27},"end":{"line":85,"column":28}},{"start":{"line":85,"column":31},"end":{"line":85,"column":32}}]},"3":{"loc":{"start":{"line":90,"column":18},"end":{"line":90,"column":77}},"type":"cond-expr","locations":[{"start":{"line":90,"column":42},"end":{"line":90,"column":58}},{"start":{"line":90,"column":61},"end":{"line":90,"column":77}}]},"4":{"loc":{"start":{"line":106,"column":2},"end":{"line":109,"column":3}},"type":"if","locations":[{"start":{"line":106,"column":2},"end":{"line":109,"column":3}}]},"5":{"loc":{"start":{"line":106,"column":6},"end":{"line":106,"column":86}},"type":"binary-expr","locations":[{"start":{"line":106,"column":6},"end":{"line":106,"column":30}},{"start":{"line":106,"column":34},"end":{"line":106,"column":57}},{"start":{"line":106,"column":61},"end":{"line":106,"column":86}}]},"6":{"loc":{"start":{"line":113,"column":18},"end":{"line":115,"column":100}},"type":"cond-expr","locations":[{"start":{"line":114,"column":8},"end":{"line":114,"column":52}},{"start":{"line":115,"column":8},"end":{"line":115,"column":100}}]},"7":{"loc":{"start":{"line":113,"column":19},"end":{"line":113,"column":65}},"type":"binary-expr","locations":[{"start":{"line":113,"column":19},"end":{"line":113,"column":23}},{"start":{"line":113,"column":27},"end":{"line":113,"column":36}},{"start":{"line":113,"column":40},"end":{"line":113,"column":65}}]},"8":{"loc":{"start":{"line":126,"column":4},"end":{"line":130,"column":5}},"type":"if","locations":[{"start":{"line":126,"column":4},"end":{"line":130,"column":5}},{"start":{"line":128,"column":11},"end":{"line":130,"column":5}}]},"9":{"loc":{"start":{"line":126,"column":8},"end":{"line":126,"column":54}},"type":"binary-expr","locations":[{"start":{"line":126,"column":8},"end":{"line":126,"column":11}},{"start":{"line":126,"column":16},"end":{"line":126,"column":24}},{"start":{"line":126,"column":28},"end":{"line":126,"column":38}},{"start":{"line":126,"column":42},"end":{"line":126,"column":53}}]},"10":{"loc":{"start":{"line":127,"column":30},"end":{"line":127,"column":65}},"type":"cond-expr","locations":[{"start":{"line":127,"column":41},"end":{"line":127,"column":60}},{"start":{"line":127,"column":63},"end":{"line":127,"column":65}}]},"11":{"loc":{"start":{"line":127,"column":70},"end":{"line":127,"column":102}},"type":"binary-expr","locations":[{"start":{"line":127,"column":70},"end":{"line":127,"column":81}},{"start":{"line":127,"column":85},"end":{"line":127,"column":95}},{"start":{"line":127,"column":99},"end":{"line":127,"column":102}}]},"12":{"loc":{"start":{"line":128,"column":11},"end":{"line":130,"column":5}},"type":"if","locations":[{"start":{"line":128,"column":11},"end":{"line":130,"column":5}}]},"13":{"loc":{"start":{"line":141,"column":2},"end":{"line":171,"column":3}},"type":"if","locations":[{"start":{"line":141,"column":2},"end":{"line":171,"column":3}},{"start":{"line":156,"column":9},"end":{"line":171,"column":3}}]},"14":{"loc":{"start":{"line":143,"column":4},"end":{"line":154,"column":5}},"type":"if","locations":[{"start":{"line":143,"column":4},"end":{"line":154,"column":5}}]},"15":{"loc":{"start":{"line":143,"column":8},"end":{"line":143,"column":57}},"type":"binary-expr","locations":[{"start":{"line":143,"column":8},"end":{"line":143,"column":23}},{"start":{"line":143,"column":27},"end":{"line":143,"column":57}}]},"16":{"loc":{"start":{"line":155,"column":11},"end":{"line":155,"column":47}},"type":"cond-expr","locations":[{"start":{"line":155,"column":28},"end":{"line":155,"column":32}},{"start":{"line":155,"column":35},"end":{"line":155,"column":47}}]},"17":{"loc":{"start":{"line":156,"column":9},"end":{"line":171,"column":3}},"type":"if","locations":[{"start":{"line":156,"column":9},"end":{"line":171,"column":3}},{"start":{"line":168,"column":9},"end":{"line":171,"column":3}}]}},"s":{"0":5,"1":5,"2":5,"3":5,"4":5,"5":5,"6":5,"7":0,"8":0,"9":0,"10":0,"11":0,"12":0,"13":0,"14":0,"15":0,"16":0,"17":0,"18":0,"19":0,"20":0,"21":0,"22":0,"23":0,"24":0,"25":0,"26":0,"27":0,"28":0,"29":0,"30":0,"31":0,"32":0,"33":0,"34":0,"35":0,"36":0,"37":0,"38":0,"39":0,"40":0,"41":0,"42":0,"43":0,"44":0,"45":0,"46":0,"47":0,"48":0,"49":0,"50":0,"51":0,"52":0,"53":0},"f":{"0":0,"1":0,"2":0,"3":0,"4":0,"5":0,"6":0,"7":0},"b":{"0":[0,0],"1":[0,0],"2":[0,0],"3":[0,0],"4":[0],"5":[0,0,0],"6":[0,0],"7":[0,0,0],"8":[0,0],"9":[0,0,0,0],"10":[0,0],"11":[0,0,0],"12":[0],"13":[0,0],"14":[0],"15":[0,0],"16":[0,0],"17":[0,0]}}
,"/Users/abri/Desktop/Forex Ring Alerts V4/src/integrations/supabase.ts": {"path":"/Users/abri/Desktop/Forex Ring Alerts V4/src/integrations/supabase.ts","statementMap":{"0":{"start":{"line":50,"column":0},"end":{"line":50,"column":22}},"1":{"start":{"line":68,"column":0},"end":{"line":68,"column":22}},"2":{"start":{"line":87,"column":0},"end":{"line":87,"column":22}},"3":{"start":{"line":112,"column":0},"end":{"line":112,"column":22}},"4":{"start":{"line":137,"column":0},"end":{"line":137,"column":22}},"5":{"start":{"line":157,"column":0},"end":{"line":157,"column":22}},"6":{"start":{"line":179,"column":0},"end":{"line":179,"column":22}},"7":{"start":{"line":200,"column":0},"end":{"line":200,"column":22}},"8":{"start":{"line":220,"column":0},"end":{"line":220,"column":22}},"9":{"start":{"line":239,"column":0},"end":{"line":239,"column":22}},"10":{"start":{"line":258,"column":0},"end":{"line":258,"column":22}},"11":{"start":{"line":5,"column":0},"end":{"line":5,"column":69}},"12":{"start":{"line":6,"column":0},"end":{"line":6,"column":39}},"13":{"start":{"line":7,"column":0},"end":{"line":7,"column":31}},"14":{"start":{"line":9,"column":15},"end":{"line":9,"column":27}},"15":{"start":{"line":12,"column":13},"end":{"line":15,"column":2}},"16":{"start":{"line":51,"column":26},"end":{"line":55,"column":13}},"17":{"start":{"line":56,"column":2},"end":{"line":59,"column":3}},"18":{"start":{"line":57,"column":4},"end":{"line":57,"column":66}},"19":{"start":{"line":58,"column":4},"end":{"line":58,"column":16}},"20":{"start":{"line":60,"column":2},"end":{"line":60,"column":22}},"21":{"start":{"line":69,"column":26},"end":{"line":73,"column":13}},"22":{"start":{"line":74,"column":2},"end":{"line":77,"column":3}},"23":{"start":{"line":75,"column":4},"end":{"line":75,"column":58}},"24":{"start":{"line":76,"column":4},"end":{"line":76,"column":16}},"25":{"start":{"line":78,"column":2},"end":{"line":78,"column":17}},"26":{"start":{"line":87,"column":40},"end":{"line":105,"column":null}},"27":{"start":{"line":88,"column":14},"end":{"line":91,"column":26}},"28":{"start":{"line":93,"column":2},"end":{"line":95,"column":3}},"29":{"start":{"line":94,"column":4},"end":{"line":94,"column":37}},"30":{"start":{"line":97,"column":26},"end":{"line":97,"column":79}},"31":{"start":{"line":99,"column":2},"end":{"line":102,"column":3}},"32":{"start":{"line":100,"column":4},"end":{"line":100,"column":64}},"33":{"start":{"line":101,"column":4},"end":{"line":101,"column":14}},"34":{"start":{"line":104,"column":2},"end":{"line":104,"column":25}},"35":{"start":{"line":113,"column":26},"end":{"line":117,"column":13}},"36":{"start":{"line":119,"column":2},"end":{"line":127,"column":3}},"37":{"start":{"line":121,"column":4},"end":{"line":124,"column":5}},"38":{"start":{"line":123,"column":6},"end":{"line":123,"column":18}},"39":{"start":{"line":125,"column":4},"end":{"line":125,"column":59}},"40":{"start":{"line":126,"column":4},"end":{"line":126,"column":16}},"41":{"start":{"line":129,"column":2},"end":{"line":129,"column":23}},"42":{"start":{"line":138,"column":20},"end":{"line":141,"column":22}},"43":{"start":{"line":143,"column":2},"end":{"line":146,"column":3}},"44":{"start":{"line":144,"column":4},"end":{"line":144,"column":58}},"45":{"start":{"line":145,"column":4},"end":{"line":145,"column":17}},"46":{"start":{"line":148,"column":2},"end":{"line":148,"column":14}},"47":{"start":{"line":161,"column":20},"end":{"line":164,"column":22}},"48":{"start":{"line":166,"column":2},"end":{"line":169,"column":3}},"49":{"start":{"line":167,"column":4},"end":{"line":167,"column":58}},"50":{"start":{"line":168,"column":4},"end":{"line":168,"column":17}},"51":{"start":{"line":171,"column":2},"end":{"line":171,"column":14}},"52":{"start":{"line":180,"column":26},"end":{"line":184,"column":13}},"53":{"start":{"line":186,"column":2},"end":{"line":189,"column":3}},"54":{"start":{"line":187,"column":4},"end":{"line":187,"column":57}},"55":{"start":{"line":188,"column":4},"end":{"line":188,"column":16}},"56":{"start":{"line":191,"column":2},"end":{"line":191,"column":17}},"57":{"start":{"line":201,"column":20},"end":{"line":204,"column":21}},"58":{"start":{"line":206,"column":2},"end":{"line":209,"column":3}},"59":{"start":{"line":207,"column":4},"end":{"line":207,"column":64}},"60":{"start":{"line":208,"column":4},"end":{"line":208,"column":17}},"61":{"start":{"line":211,"column":2},"end":{"line":211,"column":14}},"62":{"start":{"line":221,"column":20},"end":{"line":224,"column":34}},"63":{"start":{"line":226,"column":2},"end":{"line":229,"column":3}},"64":{"start":{"line":227,"column":4},"end":{"line":227,"column":68}},"65":{"start":{"line":228,"column":4},"end":{"line":228,"column":17}},"66":{"start":{"line":230,"column":2},"end":{"line":230,"column":14}},"67":{"start":{"line":240,"column":20},"end":{"line":243,"column":34}},"68":{"start":{"line":245,"column":2},"end":{"line":248,"column":3}},"69":{"start":{"line":246,"column":4},"end":{"line":246,"column":63}},"70":{"start":{"line":247,"column":4},"end":{"line":247,"column":17}},"71":{"start":{"line":249,"column":2},"end":{"line":249,"column":14}},"72":{"start":{"line":259,"column":20},"end":{"line":262,"column":34}},"73":{"start":{"line":264,"column":2},"end":{"line":267,"column":3}},"74":{"start":{"line":265,"column":4},"end":{"line":265,"column":65}},"75":{"start":{"line":266,"column":4},"end":{"line":266,"column":17}},"76":{"start":{"line":268,"column":2},"end":{"line":268,"column":14}}},"fnMap":{"0":{"name":"getUserByTelegramId","decl":{"start":{"line":50,"column":22},"end":{"line":50,"column":41}},"loc":{"start":{"line":50,"column":60},"end":{"line":61,"column":null}}},"1":{"name":"createAlert","decl":{"start":{"line":68,"column":22},"end":{"line":68,"column":33}},"loc":{"start":{"line":68,"column":60},"end":{"line":79,"column":null}}},"2":{"name":"getAlertsByUserId","decl":{"start":{"line":87,"column":22},"end":{"line":87,"column":39}},"loc":{"start":{"line":87,"column":39},"end":{"line":105,"column":null}}},"3":{"name":"(anonymous_13)","decl":{"start":{"line":87,"column":40},"end":{"line":87,"column":54}},"loc":{"start":{"line":87,"column":73},"end":{"line":105,"column":1}}},"4":{"name":"getAlertById","decl":{"start":{"line":112,"column":22},"end":{"line":112,"column":34}},"loc":{"start":{"line":112,"column":50},"end":{"line":130,"column":null}}},"5":{"name":"deleteAlert","decl":{"start":{"line":137,"column":22},"end":{"line":137,"column":33}},"loc":{"start":{"line":137,"column":49},"end":{"line":149,"column":null}}},"6":{"name":"updateAlert","decl":{"start":{"line":157,"column":22},"end":{"line":157,"column":33}},"loc":{"start":{"line":159,"column":64},"end":{"line":172,"column":null}}},"7":{"name":"createUser","decl":{"start":{"line":179,"column":22},"end":{"line":179,"column":32}},"loc":{"start":{"line":179,"column":74},"end":{"line":192,"column":null}}},"8":{"name":"updateUserCredits","decl":{"start":{"line":200,"column":22},"end":{"line":200,"column":39}},"loc":{"start":{"line":200,"column":74},"end":{"line":212,"column":null}}},"9":{"name":"updateUserPhoneNumber","decl":{"start":{"line":220,"column":22},"end":{"line":220,"column":43}},"loc":{"start":{"line":220,"column":83},"end":{"line":231,"column":null}}},"10":{"name":"setUserOnboarded","decl":{"start":{"line":239,"column":22},"end":{"line":239,"column":38}},"loc":{"start":{"line":239,"column":77},"end":{"line":250,"column":null}}},"11":{"name":"updateUserUsername","decl":{"start":{"line":258,"column":22},"end":{"line":258,"column":40}},"loc":{"start":{"line":258,"column":84},"end":{"line":269,"column":null}}}},"branchMap":{"0":{"loc":{"start":{"line":13,"column":2},"end":{"line":13,"column":54}},"type":"binary-expr","locations":[{"start":{"line":13,"column":2},"end":{"line":13,"column":20}},{"start":{"line":13,"column":24},"end":{"line":13,"column":48}},{"start":{"line":13,"column":52},"end":{"line":13,"column":54}}]},"1":{"loc":{"start":{"line":14,"column":2},"end":{"line":14,"column":78}},"type":"binary-expr","locations":[{"start":{"line":14,"column":2},"end":{"line":14,"column":31}},{"start":{"line":14,"column":35},"end":{"line":14,"column":72}},{"start":{"line":14,"column":76},"end":{"line":14,"column":78}}]},"2":{"loc":{"start":{"line":56,"column":2},"end":{"line":59,"column":3}},"type":"if","locations":[{"start":{"line":56,"column":2},"end":{"line":59,"column":3}}]},"3":{"loc":{"start":{"line":74,"column":2},"end":{"line":77,"column":3}},"type":"if","locations":[{"start":{"line":74,"column":2},"end":{"line":77,"column":3}}]},"4":{"loc":{"start":{"line":87,"column":56},"end":{"line":87,"column":73}},"type":"default-arg","locations":[{"start":{"line":87,"column":69},"end":{"line":87,"column":73}}]},"5":{"loc":{"start":{"line":93,"column":2},"end":{"line":95,"column":3}},"type":"if","locations":[{"start":{"line":93,"column":2},"end":{"line":95,"column":3}}]},"6":{"loc":{"start":{"line":99,"column":2},"end":{"line":102,"column":3}},"type":"if","locations":[{"start":{"line":99,"column":2},"end":{"line":102,"column":3}}]},"7":{"loc":{"start":{"line":119,"column":2},"end":{"line":127,"column":3}},"type":"if","locations":[{"start":{"line":119,"column":2},"end":{"line":127,"column":3}}]},"8":{"loc":{"start":{"line":121,"column":4},"end":{"line":124,"column":5}},"type":"if","locations":[{"start":{"line":121,"column":4},"end":{"line":124,"column":5}}]},"9":{"loc":{"start":{"line":121,"column":8},"end":{"line":121,"column":57}},"type":"binary-expr","locations":[{"start":{"line":121,"column":8},"end":{"line":121,"column":21}},{"start":{"line":121,"column":25},"end":{"line":121,"column":57}}]},"10":{"loc":{"start":{"line":143,"column":2},"end":{"line":146,"column":3}},"type":"if","locations":[{"start":{"line":143,"column":2},"end":{"line":146,"column":3}}]},"11":{"loc":{"start":{"line":166,"column":2},"end":{"line":169,"column":3}},"type":"if","locations":[{"start":{"line":166,"column":2},"end":{"line":169,"column":3}}]},"12":{"loc":{"start":{"line":182,"column":38},"end":{"line":182,"column":68}},"type":"cond-expr","locations":[{"start":{"line":182,"column":55},"end":{"line":182,"column":59}},{"start":{"line":182,"column":59},"end":{"line":182,"column":68}}]},"13":{"loc":{"start":{"line":182,"column":38},"end":{"line":182,"column":59}},"type":"binary-expr","locations":[{"start":{"line":182,"column":38},"end":{"line":182,"column":59}},{"start":{"line":182,"column":55},"end":{"line":182,"column":59}}]},"14":{"loc":{"start":{"line":186,"column":2},"end":{"line":189,"column":3}},"type":"if","locations":[{"start":{"line":186,"column":2},"end":{"line":189,"column":3}}]},"15":{"loc":{"start":{"line":206,"column":2},"end":{"line":209,"column":3}},"type":"if","locations":[{"start":{"line":206,"column":2},"end":{"line":209,"column":3}}]},"16":{"loc":{"start":{"line":226,"column":2},"end":{"line":229,"column":3}},"type":"if","locations":[{"start":{"line":226,"column":2},"end":{"line":229,"column":3}}]},"17":{"loc":{"start":{"line":245,"column":2},"end":{"line":248,"column":3}},"type":"if","locations":[{"start":{"line":245,"column":2},"end":{"line":248,"column":3}}]},"18":{"loc":{"start":{"line":264,"column":2},"end":{"line":267,"column":3}},"type":"if","locations":[{"start":{"line":264,"column":2},"end":{"line":267,"column":3}}]}},"s":{"0":1,"1":1,"2":1,"3":1,"4":1,"5":1,"6":1,"7":1,"8":1,"9":1,"10":1,"11":1,"12":1,"13":1,"14":1,"15":1,"16":0,"17":0,"18":0,"19":0,"20":0,"21":0,"22":0,"23":0,"24":0,"25":0,"26":0,"27":0,"28":0,"29":0,"30":0,"31":0,"32":0,"33":0,"34":0,"35":0,"36":0,"37":0,"38":0,"39":0,"40":0,"41":0,"42":0,"43":0,"44":0,"45":0,"46":0,"47":0,"48":0,"49":0,"50":0,"51":0,"52":0,"53":0,"54":0,"55":0,"56":0,"57":0,"58":0,"59":0,"60":0,"61":0,"62":0,"63":0,"64":0,"65":0,"66":0,"67":0,"68":0,"69":0,"70":0,"71":0,"72":0,"73":0,"74":0,"75":0,"76":0},"f":{"0":0,"1":0,"2":0,"3":0,"4":0,"5":0,"6":0,"7":0,"8":0,"9":0,"10":0,"11":0},"b":{"0":[1,0,0],"1":[1,0,0],"2":[0],"3":[0],"4":[0],"5":[0],"6":[0],"7":[0],"8":[0],"9":[0,0],"10":[0],"11":[0],"12":[0,0],"13":[0,0],"14":[0],"15":[0],"16":[0],"17":[0],"18":[0]}}
,"/Users/abri/Desktop/Forex Ring Alerts V4/src/integrations/telegram.ts": {"path":"/Users/abri/Desktop/Forex Ring Alerts V4/src/integrations/telegram.ts","statementMap":{"0":{"start":{"line":79,"column":0},"end":{"line":79,"column":22}},"1":{"start":{"line":106,"column":0},"end":{"line":106,"column":22}},"2":{"start":{"line":127,"column":0},"end":{"line":127,"column":22}},"3":{"start":{"line":142,"column":0},"end":{"line":142,"column":22}},"4":{"start":{"line":5,"column":0},"end":{"line":5,"column":31}},"5":{"start":{"line":6,"column":0},"end":{"line":6,"column":31}},"6":{"start":{"line":7,"column":0},"end":{"line":7,"column":39}},"7":{"start":{"line":9,"column":15},"end":{"line":9,"column":27}},"8":{"start":{"line":10,"column":25},"end":{"line":10,"column":81}},"9":{"start":{"line":80,"column":2},"end":{"line":83,"column":3}},"10":{"start":{"line":81,"column":4},"end":{"line":81,"column":91}},"11":{"start":{"line":82,"column":4},"end":{"line":82,"column":17}},"12":{"start":{"line":84,"column":2},"end":{"line":99,"column":3}},"13":{"start":{"line":85,"column":16},"end":{"line":89,"column":6}},"14":{"start":{"line":90,"column":17},"end":{"line":90,"column":33}},"15":{"start":{"line":91,"column":4},"end":{"line":94,"column":5}},"16":{"start":{"line":92,"column":6},"end":{"line":92,"column":63}},"17":{"start":{"line":93,"column":6},"end":{"line":93,"column":19}},"18":{"start":{"line":95,"column":4},"end":{"line":95,"column":16}},"19":{"start":{"line":97,"column":4},"end":{"line":97,"column":61}},"20":{"start":{"line":98,"column":4},"end":{"line":98,"column":17}},"21":{"start":{"line":107,"column":2},"end":{"line":118,"column":3}},"22":{"start":{"line":108,"column":16},"end":{"line":108,"column":56}},"23":{"start":{"line":109,"column":17},"end":{"line":109,"column":33}},"24":{"start":{"line":110,"column":4},"end":{"line":113,"column":5}},"25":{"start":{"line":111,"column":6},"end":{"line":111,"column":67}},"26":{"start":{"line":112,"column":6},"end":{"line":112,"column":18}},"27":{"start":{"line":114,"column":4},"end":{"line":114,"column":23}},"28":{"start":{"line":116,"column":4},"end":{"line":116,"column":52}},"29":{"start":{"line":117,"column":4},"end":{"line":117,"column":16}},"30":{"start":{"line":128,"column":2},"end":{"line":134,"column":3}},"31":{"start":{"line":130,"column":29},"end":{"line":130,"column":51}},"32":{"start":{"line":131,"column":4},"end":{"line":131,"column":31}},"33":{"start":{"line":133,"column":4},"end":{"line":133,"column":62}},"34":{"start":{"line":142,"column":33},"end":{"line":155,"column":null}},"35":{"start":{"line":143,"column":2},"end":{"line":154,"column":3}},"36":{"start":{"line":144,"column":16},"end":{"line":144,"column":89}},"37":{"start":{"line":145,"column":17},"end":{"line":145,"column":33}},"38":{"start":{"line":146,"column":4},"end":{"line":149,"column":5}},"39":{"start":{"line":147,"column":6},"end":{"line":147,"column":74}},"40":{"start":{"line":148,"column":6},"end":{"line":148,"column":16}},"41":{"start":{"line":150,"column":4},"end":{"line":150,"column":43}},"42":{"start":{"line":152,"column":4},"end":{"line":152,"column":67}},"43":{"start":{"line":153,"column":4},"end":{"line":153,"column":14}}},"fnMap":{"0":{"name":"sendTelegramMessage","decl":{"start":{"line":79,"column":22},"end":{"line":79,"column":41}},"loc":{"start":{"line":79,"column":77},"end":{"line":100,"column":null}}},"1":{"name":"getBotInfo","decl":{"start":{"line":106,"column":22},"end":{"line":106,"column":32}},"loc":{"start":{"line":106,"column":32},"end":{"line":119,"column":null}}},"2":{"name":"processUpdate","decl":{"start":{"line":127,"column":22},"end":{"line":127,"column":35}},"loc":{"start":{"line":127,"column":58},"end":{"line":135,"column":null}}},"3":{"name":"(anonymous_23)","decl":{"start":{"line":130,"column":29},"end":{"line":130,"column":42}},"loc":{"start":{"line":130,"column":29},"end":{"line":130,"column":51}}},"4":{"name":"getUpdates","decl":{"start":{"line":142,"column":22},"end":{"line":142,"column":32}},"loc":{"start":{"line":142,"column":32},"end":{"line":155,"column":null}}},"5":{"name":"(anonymous_25)","decl":{"start":{"line":142,"column":33},"end":{"line":142,"column":50}},"loc":{"start":{"line":142,"column":51},"end":{"line":155,"column":1}}}},"branchMap":{"0":{"loc":{"start":{"line":80,"column":2},"end":{"line":83,"column":3}},"type":"if","locations":[{"start":{"line":80,"column":2},"end":{"line":83,"column":3}}]},"1":{"loc":{"start":{"line":80,"column":6},"end":{"line":80,"column":49}},"type":"binary-expr","locations":[{"start":{"line":80,"column":6},"end":{"line":80,"column":19}},{"start":{"line":80,"column":23},"end":{"line":80,"column":49}}]},"2":{"loc":{"start":{"line":91,"column":4},"end":{"line":94,"column":5}},"type":"if","locations":[{"start":{"line":91,"column":4},"end":{"line":94,"column":5}}]},"3":{"loc":{"start":{"line":110,"column":4},"end":{"line":113,"column":5}},"type":"if","locations":[{"start":{"line":110,"column":4},"end":{"line":113,"column":5}}]},"4":{"loc":{"start":{"line":142,"column":33},"end":{"line":142,"column":51}},"type":"default-arg","locations":[{"start":{"line":142,"column":50},"end":{"line":142,"column":51}}]},"5":{"loc":{"start":{"line":146,"column":4},"end":{"line":149,"column":5}},"type":"if","locations":[{"start":{"line":146,"column":4},"end":{"line":149,"column":5}}]}},"s":{"0":1,"1":1,"2":1,"3":1,"4":1,"5":1,"6":1,"7":1,"8":1,"9":0,"10":0,"11":0,"12":0,"13":0,"14":0,"15":0,"16":0,"17":0,"18":0,"19":0,"20":0,"21":0,"22":0,"23":0,"24":0,"25":0,"26":0,"27":0,"28":0,"29":0,"30":0,"31":0,"32":0,"33":0,"34":0,"35":0,"36":0,"37":0,"38":0,"39":0,"40":0,"41":0,"42":0,"43":0},"f":{"0":0,"1":0,"2":0,"3":0,"4":0,"5":0},"b":{"0":[0],"1":[0,0],"2":[0],"3":[0],"4":[0],"5":[0]}}
,"/Users/abri/Desktop/Forex Ring Alerts V4/src/logger/index.ts": {"path":"/Users/abri/Desktop/Forex Ring Alerts V4/src/logger/index.ts","statementMap":{"0":{"start":{"line":6,"column":0},"end":{"line":6,"column":59}},"1":{"start":{"line":7,"column":0},"end":{"line":7,"column":42}},"2":{"start":{"line":8,"column":0},"end":{"line":8,"column":36}},"3":{"start":{"line":10,"column":19},"end":{"line":10,"column":42}},"4":{"start":{"line":11,"column":21},"end":{"line":11,"column":46}},"5":{"start":{"line":12,"column":19},"end":{"line":12,"column":43}},"6":{"start":{"line":19,"column":4},"end":{"line":19,"column":16}},"7":{"start":{"line":20,"column":4},"end":{"line":23,"column":7}},"8":{"start":{"line":24,"column":4},"end":{"line":24,"column":32}},"9":{"start":{"line":27,"column":4},"end":{"line":27,"column":50}},"10":{"start":{"line":27,"column":23},"end":{"line":27,"column":48}},"11":{"start":{"line":28,"column":4},"end":{"line":35,"column":67}},"12":{"start":{"line":36,"column":4},"end":{"line":36,"column":15}},"13":{"start":{"line":41,"column":22},"end":{"line":43,"column":null}},"14":{"start":{"line":43,"column":40},"end":{"line":43,"column":62}},"15":{"start":{"line":45,"column":38},"end":{"line":49,"column":2}},"16":{"start":{"line":51,"column":0},"end":{"line":58,"column":1}},"17":{"start":{"line":52,"column":2},"end":{"line":57,"column":19}},"18":{"start":{"line":60,"column":15},"end":{"line":69,"column":2}},"19":{"start":{"line":71,"column":0},"end":{"line":71,"column":22}}},"fnMap":{"0":{"name":"(anonymous_1)","decl":{"start":{"line":18,"column":2},"end":{"line":18,"column":14}},"loc":{"start":{"line":18,"column":23},"end":{"line":25,"column":3}}},"1":{"name":"(anonymous_2)","decl":{"start":{"line":26,"column":2},"end":{"line":26,"column":5}},"loc":{"start":{"line":26,"column":37},"end":{"line":37,"column":3}}},"2":{"name":"(anonymous_3)","decl":{"start":{"line":27,"column":17},"end":{"line":27,"column":20}},"loc":{"start":{"line":27,"column":23},"end":{"line":27,"column":48}}},"3":{"name":"(anonymous_4)","decl":{"start":{"line":35,"column":12},"end":{"line":35,"column":15}},"loc":{"start":{"line":35,"column":17},"end":{"line":35,"column":65}}},"4":{"name":"(anonymous_5)","decl":{"start":{"line":43,"column":16},"end":{"line":43,"column":17}},"loc":{"start":{"line":43,"column":40},"end":{"line":43,"column":62}}}},"branchMap":{"0":{"loc":{"start":{"line":33,"column":19},"end":{"line":33,"column":61}},"type":"binary-expr","locations":[{"start":{"line":33,"column":19},"end":{"line":33,"column":33}},{"start":{"line":33,"column":37},"end":{"line":33,"column":61}}]},"1":{"loc":{"start":{"line":51,"column":0},"end":{"line":58,"column":1}},"type":"if","locations":[{"start":{"line":51,"column":0},"end":{"line":58,"column":1}}]},"2":{"loc":{"start":{"line":51,"column":4},"end":{"line":51,"column":30}},"type":"binary-expr","locations":[{"start":{"line":51,"column":4},"end":{"line":51,"column":14}},{"start":{"line":51,"column":18},"end":{"line":51,"column":30}}]},"3":{"loc":{"start":{"line":61,"column":9},"end":{"line":61,"column":65}},"type":"cond-expr","locations":[{"start":{"line":61,"column":49},"end":{"line":61,"column":55}},{"start":{"line":61,"column":58},"end":{"line":61,"column":65}}]}},"s":{"0":6,"1":6,"2":6,"3":6,"4":6,"5":6,"6":4,"7":4,"8":4,"9":11,"10":0,"11":11,"12":11,"13":6,"14":15,"15":6,"16":6,"17":4,"18":6,"19":6},"f":{"0":4,"1":11,"2":0,"3":0,"4":15},"b":{"0":[11,0],"1":[4],"2":[6,4],"3":[0,6]}}
,"/Users/abri/Desktop/Forex Ring Alerts V4/src/services/subscriptionManager.ts": {"path":"/Users/abri/Desktop/Forex Ring Alerts V4/src/services/subscriptionManager.ts","statementMap":{"0":{"start":{"line":1,"column":0},"end":{"line":1,"column":109}},"1":{"start":{"line":5,"column":10},"end":{"line":5,"column":54}},"2":{"start":{"line":6,"column":10},"end":{"line":6,"column":66}},"3":{"start":{"line":7,"column":10},"end":{"line":7,"column":70}},"4":{"start":{"line":16,"column":18},"end":{"line":16,"column":48}},"5":{"start":{"line":17,"column":4},"end":{"line":17,"column":41}},"6":{"start":{"line":18,"column":4},"end":{"line":20,"column":5}},"7":{"start":{"line":19,"column":6},"end":{"line":19,"column":13}},"8":{"start":{"line":22,"column":24},"end":{"line":22,"column":60}},"9":{"start":{"line":23,"column":4},"end":{"line":23,"column":54}},"10":{"start":{"line":24,"column":4},"end":{"line":24,"column":46}},"11":{"start":{"line":33,"column":18},"end":{"line":33,"column":48}},"12":{"start":{"line":34,"column":4},"end":{"line":38,"column":5}},"13":{"start":{"line":35,"column":6},"end":{"line":35,"column":35}},"14":{"start":{"line":37,"column":6},"end":{"line":37,"column":43}},"15":{"start":{"line":40,"column":24},"end":{"line":40,"column":60}},"16":{"start":{"line":41,"column":4},"end":{"line":45,"column":5}},"17":{"start":{"line":42,"column":6},"end":{"line":42,"column":20}},"18":{"start":{"line":43,"column":6},"end":{"line":43,"column":46}},"19":{"start":{"line":44,"column":6},"end":{"line":44,"column":42}},"20":{"start":{"line":52,"column":4},"end":{"line":52,"column":42}},"21":{"start":{"line":57,"column":13},"end":{"line":57,"column":61}}},"fnMap":{"0":{"name":"(anonymous_0)","decl":{"start":{"line":4,"column":0},"end":{"line":4,"column":6}},"loc":{"start":{"line":4,"column":0},"end":{"line":54,"column":1}}},"1":{"name":"(anonymous_1)","decl":{"start":{"line":15,"column":2},"end":{"line":15,"column":17}},"loc":{"start":{"line":15,"column":76},"end":{"line":25,"column":3}}},"2":{"name":"(anonymous_2)","decl":{"start":{"line":32,"column":2},"end":{"line":32,"column":20}},"loc":{"start":{"line":32,"column":50},"end":{"line":46,"column":3}}},"3":{"name":"(anonymous_3)","decl":{"start":{"line":51,"column":2},"end":{"line":51,"column":15}},"loc":{"start":{"line":51,"column":28},"end":{"line":53,"column":3}}}},"branchMap":{"0":{"loc":{"start":{"line":16,"column":18},"end":{"line":16,"column":48}},"type":"binary-expr","locations":[{"start":{"line":16,"column":18},"end":{"line":16,"column":43}},{"start":{"line":16,"column":47},"end":{"line":16,"column":48}}]},"1":{"loc":{"start":{"line":18,"column":4},"end":{"line":20,"column":5}},"type":"if","locations":[{"start":{"line":18,"column":4},"end":{"line":20,"column":5}}]},"2":{"loc":{"start":{"line":33,"column":18},"end":{"line":33,"column":48}},"type":"binary-expr","locations":[{"start":{"line":33,"column":18},"end":{"line":33,"column":43}},{"start":{"line":33,"column":47},"end":{"line":33,"column":48}}]},"3":{"loc":{"start":{"line":34,"column":4},"end":{"line":38,"column":5}},"type":"if","locations":[{"start":{"line":34,"column":4},"end":{"line":38,"column":5}},{"start":{"line":36,"column":11},"end":{"line":38,"column":5}}]},"4":{"loc":{"start":{"line":41,"column":4},"end":{"line":45,"column":5}},"type":"if","locations":[{"start":{"line":41,"column":4},"end":{"line":45,"column":5}}]},"5":{"loc":{"start":{"line":52,"column":11},"end":{"line":52,"column":41}},"type":"binary-expr","locations":[{"start":{"line":52,"column":11},"end":{"line":52,"column":36}},{"start":{"line":52,"column":40},"end":{"line":52,"column":41}}]}},"s":{"0":3,"1":3,"2":3,"3":3,"4":0,"5":0,"6":0,"7":0,"8":0,"9":0,"10":0,"11":3,"12":3,"13":3,"14":0,"15":3,"16":3,"17":0,"18":0,"19":0,"20":0,"21":3},"f":{"0":3,"1":0,"2":3,"3":0},"b":{"0":[0,0],"1":[0],"2":[3,3],"3":[3,0],"4":[0],"5":[0,0]}}
}
