TN:
SF:src/alertProcessor.ts
FN:16,processAlert
FNF:1
FNH:1
FNDA:7,processAlert
DA:6,5
DA:8,5
DA:16,5
DA:17,7
DA:18,3
DA:19,3
DA:21,4
DA:22,1
DA:23,1
DA:26,3
DA:28,3
DA:29,3
DA:38,2
DA:39,1
DA:40,1
DA:41,1
DA:43,1
DA:44,1
DA:47,1
DA:48,1
LF:20
LH:20
BRDA:17,0,0,3
BRDA:17,1,0,7
BRDA:17,1,1,6
BRDA:17,1,2,5
BRDA:21,2,0,1
BRDA:38,3,0,1
BRDA:38,3,1,1
BRF:7
BRH:7
end_of_record
TN:
SF:src/priceMonitor.ts
FN:14,fetchActiveAlerts
FN:29,fetchUser
FN:58,monitorPrices
FN:152,createAlertCallback
FN:157,(anonymous_15)
FN:157,(anonymous_16)
FN:250,initializeSubscriptions
FNF:7
FNH:4
FNDA:0,fetchActiveAlerts
FNDA:0,fetchUser
FNDA:3,monitorPrices
FNDA:5,createAlertCallback
FNDA:4,(anonymous_15)
FNDA:4,(anonymous_16)
FNDA:0,initializeSubscriptions
DA:5,4
DA:6,4
DA:7,4
DA:8,4
DA:9,4
DA:14,4
DA:15,0
DA:19,0
DA:20,0
DA:21,0
DA:23,0
DA:29,4
DA:30,0
DA:35,0
DA:36,0
DA:37,0
DA:39,0
DA:58,4
DA:69,3
DA:71,3
DA:73,3
DA:74,3
DA:75,3
DA:77,3
DA:78,3
DA:79,3
DA:80,3
DA:83,3
DA:85,3
DA:86,3
DA:87,3
DA:88,3
DA:89,0
DA:90,0
DA:92,3
DA:93,3
DA:94,3
DA:95,3
DA:96,7
DA:97,7
DA:98,7
DA:99,2
DA:100,5
DA:101,5
DA:102,5
DA:104,0
DA:105,0
DA:108,0
DA:109,0
DA:113,3
DA:114,3
DA:115,2
DA:116,2
DA:118,2
DA:119,2
DA:121,0
DA:123,2
DA:124,2
DA:125,1
DA:126,1
DA:127,1
DA:128,1
DA:130,1
DA:131,1
DA:133,0
DA:136,3
DA:137,3
DA:138,3
DA:139,2
DA:142,0
DA:146,3
DA:150,4
DA:152,4
DA:157,5
DA:159,4
DA:160,2
DA:163,2
DA:169,2
DA:170,0
DA:171,0
DA:173,0
DA:174,0
DA:176,2
DA:177,0
DA:181,2
DA:183,2
DA:184,2
DA:185,2
DA:186,2
DA:188,0
DA:190,2
DA:191,2
DA:192,2
DA:193,2
DA:194,2
DA:195,1
DA:196,1
DA:198,1
DA:199,1
DA:200,1
DA:201,1
DA:202,1
DA:203,1
DA:204,1
DA:205,1
DA:206,0
DA:207,0
DA:208,0
DA:210,0
DA:211,0
DA:214,0
DA:215,0
DA:219,1
DA:220,1
DA:221,1
DA:222,1
DA:223,0
DA:224,0
DA:225,0
DA:226,0
DA:228,1
DA:229,1
DA:230,0
DA:231,0
DA:232,0
DA:235,1
DA:237,1
DA:239,0
DA:240,0
DA:243,0
DA:250,4
DA:251,0
DA:252,0
DA:254,0
DA:255,0
DA:256,0
DA:257,0
DA:260,0
DA:261,0
DA:262,0
DA:263,0
DA:266,0
DA:268,0
LF:143
LH:89
BRDA:19,0,0,0
BRDA:23,1,0,0
BRDA:23,1,1,0
BRDA:35,2,0,0
BRDA:65,3,0,0
BRDA:66,4,0,0
BRDA:67,5,0,0
BRDA:68,6,0,0
BRDA:69,7,0,3
BRDA:69,7,1,0
BRDA:80,8,0,0
BRDA:83,9,0,3
BRDA:83,9,1,3
BRDA:83,9,2,0
BRDA:83,9,3,0
BRDA:85,10,0,3
BRDA:88,11,0,0
BRDA:94,12,0,0
BRDA:94,12,1,3
BRDA:95,13,0,10
BRDA:95,13,1,8
BRDA:98,14,0,2
BRDA:98,14,1,5
BRDA:100,15,0,5
BRDA:100,15,1,0
BRDA:108,16,0,0
BRDA:108,16,1,0
BRDA:108,17,0,0
BRDA:108,17,1,0
BRDA:108,18,0,0
BRDA:108,18,1,0
BRDA:114,19,0,2
BRDA:114,19,1,1
BRDA:125,20,0,1
BRDA:127,21,0,1
BRDA:127,21,1,0
BRDA:138,22,0,2
BRDA:159,23,0,2
BRDA:169,24,0,0
BRDA:170,25,0,0
BRDA:170,26,0,0
BRDA:170,26,1,0
BRDA:176,27,0,0
BRDA:176,28,0,2
BRDA:176,28,1,2
BRDA:181,29,0,2
BRDA:181,29,1,2
BRDA:181,29,2,0
BRDA:181,29,3,0
BRDA:183,30,0,2
BRDA:194,31,0,1
BRDA:200,32,0,1
BRDA:200,32,1,0
BRDA:201,33,0,2
BRDA:201,33,1,2
BRDA:204,34,0,1
BRDA:204,34,1,0
BRDA:206,35,0,0
BRDA:206,35,1,0
BRDA:214,36,0,0
BRDA:214,36,1,0
BRDA:214,37,0,0
BRDA:214,37,1,0
BRDA:214,38,0,0
BRDA:214,38,1,0
BRDA:220,39,0,1
BRDA:220,39,1,0
BRDA:223,40,0,0
BRDA:225,41,0,0
BRDA:225,41,1,0
BRDA:230,42,0,0
BRDA:256,43,0,0
BRDA:262,44,0,0
BRF:73
BRH:27
end_of_record
TN:
SF:src/config/index.ts
FN:30,loadConfig
FNF:1
FNH:1
FNDA:11,loadConfig
DA:5,9
DA:6,9
DA:7,9
DA:10,9
DA:11,9
DA:12,9
DA:30,9
DA:32,11
DA:47,11
LF:9
LH:9
BRDA:11,0,0,9
BRDA:33,1,0,11
BRDA:33,1,1,0
BRDA:34,2,0,11
BRDA:34,2,1,0
BRDA:35,3,0,11
BRDA:35,3,1,11
BRDA:36,4,0,11
BRDA:36,4,1,0
BRDA:37,5,0,11
BRDA:37,5,1,0
BRDA:38,6,0,11
BRDA:38,6,1,0
BRDA:39,7,0,11
BRDA:39,7,1,0
BRDA:40,8,0,11
BRDA:40,8,1,0
BRDA:41,9,0,11
BRDA:41,9,1,0
BRDA:42,10,0,11
BRDA:42,10,1,11
BRDA:43,11,0,11
BRDA:43,11,1,0
BRDA:44,12,0,11
BRDA:44,12,1,0
BRF:25
BRH:15
end_of_record
TN:
SF:src/integrations/forex.ts
FN:46,calculateMid
FN:50,getPairDecimals
FN:57,(anonymous_10)
FN:71,getChannels
FN:76,getConfig
FN:86,ensureWebSocket
FN:92,(anonymous_14)
FN:96,(anonymous_15)
FN:137,(anonymous_16)
FN:139,(anonymous_17)
FN:167,(anonymous_18)
FN:174,(anonymous_19)
FN:180,(anonymous_20)
FN:191,subscribeToForexPrice
FN:208,(anonymous_22)
FN:214,unsubscribeFromForexPrice
FN:245,getLatestForexPrice
FN:282,fetchAndCacheForexPairs
FN:300,(anonymous_28)
FN:301,(anonymous_29)
FN:323,readCachedForexPairs
FN:339,isPairValid
FN:347,__resetForexSingletonsForTest
FNF:23
FNH:10
FNDA:2,calculateMid
FNDA:0,getPairDecimals
FNDA:0,(anonymous_10)
FNDA:2,getChannels
FNDA:6,getConfig
FNDA:3,ensureWebSocket
FNDA:2,(anonymous_14)
FNDA:4,(anonymous_15)
FNDA:0,(anonymous_16)
FNDA:0,(anonymous_17)
FNDA:0,(anonymous_18)
FNDA:0,(anonymous_19)
FNDA:0,(anonymous_20)
FNDA:3,subscribeToForexPrice
FNDA:2,(anonymous_22)
FNDA:2,unsubscribeFromForexPrice
FNDA:0,getLatestForexPrice
FNDA:0,fetchAndCacheForexPairs
FNDA:0,(anonymous_28)
FNDA:0,(anonymous_29)
FNDA:0,readCachedForexPairs
FNDA:0,isPairValid
FNDA:3,__resetForexSingletonsForTest
DA:5,7
DA:6,7
DA:7,7
DA:8,7
DA:9,7
DA:10,7
DA:11,7
DA:13,7
DA:36,7
DA:37,7
DA:38,7
DA:39,7
DA:40,7
DA:44,7
DA:47,2
DA:52,0
DA:53,0
DA:57,7
DA:58,0
DA:59,0
DA:60,0
DA:61,0
DA:63,0
DA:64,0
DA:65,0
DA:67,0
DA:72,2
DA:73,2
DA:78,6
DA:79,6
DA:87,3
DA:88,3
DA:89,3
DA:90,3
DA:91,3
DA:92,3
DA:93,2
DA:94,2
DA:96,3
DA:97,4
DA:98,4
DA:99,4
DA:100,4
DA:101,2
DA:102,2
DA:104,2
DA:105,2
DA:106,2
DA:107,2
DA:109,2
DA:111,2
DA:112,2
DA:113,2
DA:114,2
DA:115,2
DA:123,2
DA:124,2
DA:128,2
DA:129,2
DA:131,2
DA:132,2
DA:133,2
DA:134,2
DA:135,2
DA:136,2
DA:137,0
DA:138,0
DA:139,0
DA:141,2
DA:144,0
DA:148,2
DA:149,0
DA:150,0
DA:151,0
DA:152,0
DA:153,0
DA:154,0
DA:158,0
DA:159,0
DA:160,0
DA:164,0
DA:167,3
DA:168,0
DA:169,0
DA:170,0
DA:171,0
DA:172,0
DA:173,0
DA:174,0
DA:175,0
DA:176,0
DA:180,3
DA:181,0
DA:182,0
DA:191,7
DA:192,3
DA:193,3
DA:194,3
DA:195,3
DA:196,3
DA:198,3
DA:199,3
DA:200,3
DA:201,3
DA:202,2
DA:203,0
DA:204,0
DA:205,0
DA:208,2
DA:214,7
DA:215,2
DA:216,2
DA:217,2
DA:218,2
DA:219,2
DA:220,2
DA:221,2
DA:222,2
DA:223,2
DA:224,0
DA:225,0
DA:226,0
DA:231,2
DA:232,2
DA:233,2
DA:234,2
DA:235,2
DA:236,2
DA:245,7
DA:246,0
DA:247,0
DA:248,0
DA:249,0
DA:250,0
DA:251,0
DA:252,0
DA:253,0
DA:254,0
DA:256,0
DA:257,0
DA:258,0
DA:259,0
DA:261,0
DA:262,0
DA:263,0
DA:264,0
DA:271,0
DA:273,0
DA:274,0
DA:282,7
DA:283,0
DA:284,0
DA:286,0
DA:287,0
DA:288,0
DA:289,0
DA:290,0
DA:291,0
DA:293,0
DA:294,0
DA:295,0
DA:296,0
DA:299,0
DA:300,0
DA:301,0
DA:303,0
DA:304,0
DA:305,0
DA:306,0
DA:307,0
DA:311,0
DA:312,0
DA:313,0
DA:315,0
DA:316,0
DA:323,7
DA:324,0
DA:325,0
DA:326,0
DA:327,0
DA:328,0
DA:329,0
DA:331,0
DA:332,0
DA:339,7
DA:340,0
DA:341,0
DA:347,7
DA:348,3
DA:349,1
DA:351,3
DA:352,3
DA:353,3
DA:354,3
DA:355,3
DA:356,3
DA:357,3
LF:197
LH:101
BRDA:53,0,0,0
BRDA:53,0,1,0
BRDA:58,1,0,0
BRDA:80,2,0,6
BRDA:80,2,1,6
BRDA:81,3,0,6
BRDA:81,3,1,6
BRDA:82,4,0,6
BRDA:82,4,1,2
BRDA:86,5,0,0
BRDA:88,6,0,0
BRDA:88,7,0,3
BRDA:88,7,1,0
BRDA:88,7,2,0
BRDA:89,8,0,0
BRDA:98,9,0,4
BRDA:98,9,1,0
BRDA:100,10,0,2
BRDA:100,10,1,2
BRDA:100,11,0,4
BRDA:100,11,1,2
BRDA:109,12,0,2
BRDA:109,12,1,0
BRDA:111,13,0,2
BRDA:111,13,1,0
BRDA:112,14,0,2
BRDA:112,14,1,0
BRDA:113,15,0,2
BRDA:113,15,1,0
BRDA:116,16,0,2
BRDA:116,16,1,0
BRDA:123,17,0,2
BRDA:123,18,0,2
BRDA:123,18,1,2
BRDA:129,19,0,2
BRDA:135,20,0,2
BRDA:135,20,1,0
BRDA:136,21,0,0
BRDA:136,21,1,2
BRDA:138,22,0,0
BRDA:141,23,0,0
BRDA:148,24,0,0
BRDA:151,25,0,0
BRDA:151,26,0,0
BRDA:151,26,1,0
BRDA:151,26,2,0
BRDA:158,27,0,0
BRDA:158,28,0,0
BRDA:158,28,1,0
BRDA:171,29,0,0
BRDA:173,30,0,0
BRDA:182,31,0,0
BRDA:182,31,1,0
BRDA:182,32,0,0
BRDA:182,32,1,0
BRDA:194,33,0,3
BRDA:201,34,0,1
BRDA:202,35,0,0
BRDA:202,36,0,2
BRDA:202,36,1,0
BRDA:202,36,2,0
BRDA:217,37,0,2
BRDA:220,38,0,2
BRDA:223,39,0,0
BRDA:223,40,0,2
BRDA:223,40,1,2
BRDA:223,40,2,2
BRDA:231,41,0,2
BRDA:231,42,0,2
BRDA:231,42,1,2
BRDA:248,43,0,0
BRDA:252,44,0,0
BRDA:257,45,0,0
BRDA:257,46,0,0
BRDA:257,46,1,0
BRDA:257,46,2,0
BRDA:257,46,3,0
BRDA:284,47,0,0
BRDA:289,48,0,0
BRDA:294,49,0,0
BRDA:294,50,0,0
BRDA:294,50,1,0
BRDA:300,51,0,0
BRDA:300,51,1,0
BRDA:300,52,0,0
BRDA:300,52,1,0
BRDA:327,53,0,0
BRDA:328,54,0,0
BRDA:328,55,0,0
BRDA:328,55,1,0
BRDA:348,56,0,1
BRDA:354,57,0,0
BRF:92
BRH:35
end_of_record
TN:
SF:src/integrations/notification.ts
FN:71,spellOut
FN:75,getFullPairName
FN:83,getPairDecimals
FN:88,buildVoiceAlertTwiML
FN:105,sendVoiceCall
FN:140,sendNotification
FN:146,(anonymous_25)
FN:158,(anonymous_26)
FNF:8
FNH:0
FNDA:0,spellOut
FNDA:0,getFullPairName
FNDA:0,getPairDecimals
FNDA:0,buildVoiceAlertTwiML
FNDA:0,sendVoiceCall
FNDA:0,sendNotification
FNDA:0,(anonymous_25)
FNDA:0,(anonymous_26)
DA:9,5
DA:10,5
DA:11,5
DA:13,5
DA:27,5
DA:72,0
DA:76,0
DA:77,0
DA:78,0
DA:79,0
DA:80,0
DA:84,0
DA:85,0
DA:89,0
DA:90,0
DA:91,0
DA:92,0
DA:93,0
DA:94,0
DA:105,5
DA:106,0
DA:107,0
DA:108,0
DA:110,0
DA:111,0
DA:113,0
DA:116,0
DA:122,0
DA:124,0
DA:125,0
DA:126,0
DA:127,0
DA:128,0
DA:129,0
DA:131,0
DA:140,5
DA:141,0
DA:142,0
DA:143,0
DA:144,0
DA:145,0
DA:146,0
DA:147,0
DA:152,0
DA:155,0
DA:156,0
DA:157,0
DA:158,0
DA:159,0
DA:163,0
DA:165,0
DA:166,0
DA:169,0
DA:170,0
LF:54
LH:7
BRDA:78,0,0,0
BRDA:78,0,1,0
BRDA:79,1,0,0
BRDA:79,1,1,0
BRDA:85,2,0,0
BRDA:85,2,1,0
BRDA:90,3,0,0
BRDA:90,3,1,0
BRDA:106,4,0,0
BRDA:106,5,0,0
BRDA:106,5,1,0
BRDA:106,5,2,0
BRDA:113,6,0,0
BRDA:113,6,1,0
BRDA:113,7,0,0
BRDA:113,7,1,0
BRDA:113,7,2,0
BRDA:126,8,0,0
BRDA:126,8,1,0
BRDA:126,9,0,0
BRDA:126,9,1,0
BRDA:126,9,2,0
BRDA:126,9,3,0
BRDA:127,10,0,0
BRDA:127,10,1,0
BRDA:127,11,0,0
BRDA:127,11,1,0
BRDA:127,11,2,0
BRDA:128,12,0,0
BRDA:141,13,0,0
BRDA:141,13,1,0
BRDA:143,14,0,0
BRDA:143,15,0,0
BRDA:143,15,1,0
BRDA:155,16,0,0
BRDA:155,16,1,0
BRDA:156,17,0,0
BRDA:156,17,1,0
BRF:38
BRH:0
end_of_record
TN:
SF:src/integrations/supabase.ts
FN:50,getUserByTelegramId
FN:68,createAlert
FN:87,getAlertsByUserId
FN:87,(anonymous_13)
FN:112,getAlertById
FN:137,deleteAlert
FN:157,updateAlert
FN:179,createUser
FN:200,updateUserCredits
FN:220,updateUserPhoneNumber
FN:239,setUserOnboarded
FN:258,updateUserUsername
FNF:12
FNH:0
FNDA:0,getUserByTelegramId
FNDA:0,createAlert
FNDA:0,getAlertsByUserId
FNDA:0,(anonymous_13)
FNDA:0,getAlertById
FNDA:0,deleteAlert
FNDA:0,updateAlert
FNDA:0,createUser
FNDA:0,updateUserCredits
FNDA:0,updateUserPhoneNumber
FNDA:0,setUserOnboarded
FNDA:0,updateUserUsername
DA:5,1
DA:6,1
DA:7,1
DA:9,1
DA:12,1
DA:50,1
DA:51,0
DA:56,0
DA:57,0
DA:58,0
DA:60,0
DA:68,1
DA:69,0
DA:74,0
DA:75,0
DA:76,0
DA:78,0
DA:87,1
DA:88,0
DA:93,0
DA:94,0
DA:97,0
DA:99,0
DA:100,0
DA:101,0
DA:104,0
DA:112,1
DA:113,0
DA:119,0
DA:121,0
DA:123,0
DA:125,0
DA:126,0
DA:129,0
DA:137,1
DA:138,0
DA:143,0
DA:144,0
DA:145,0
DA:148,0
DA:157,1
DA:161,0
DA:166,0
DA:167,0
DA:168,0
DA:171,0
DA:179,1
DA:180,0
DA:186,0
DA:187,0
DA:188,0
DA:191,0
DA:200,1
DA:201,0
DA:206,0
DA:207,0
DA:208,0
DA:211,0
DA:220,1
DA:221,0
DA:226,0
DA:227,0
DA:228,0
DA:230,0
DA:239,1
DA:240,0
DA:245,0
DA:246,0
DA:247,0
DA:249,0
DA:258,1
DA:259,0
DA:264,0
DA:265,0
DA:266,0
DA:268,0
LF:76
LH:16
BRDA:13,0,0,1
BRDA:13,0,1,0
BRDA:13,0,2,0
BRDA:14,1,0,1
BRDA:14,1,1,0
BRDA:14,1,2,0
BRDA:56,2,0,0
BRDA:74,3,0,0
BRDA:87,4,0,0
BRDA:93,5,0,0
BRDA:99,6,0,0
BRDA:119,7,0,0
BRDA:121,8,0,0
BRDA:121,9,0,0
BRDA:121,9,1,0
BRDA:143,10,0,0
BRDA:166,11,0,0
BRDA:182,12,0,0
BRDA:182,12,1,0
BRDA:182,13,0,0
BRDA:182,13,1,0
BRDA:186,14,0,0
BRDA:206,15,0,0
BRDA:226,16,0,0
BRDA:245,17,0,0
BRDA:264,18,0,0
BRF:26
BRH:2
end_of_record
TN:
SF:src/integrations/telegram.ts
FN:79,sendTelegramMessage
FN:106,getBotInfo
FN:127,processUpdate
FN:130,(anonymous_23)
FN:142,getUpdates
FN:142,(anonymous_25)
FNF:6
FNH:0
FNDA:0,sendTelegramMessage
FNDA:0,getBotInfo
FNDA:0,processUpdate
FNDA:0,(anonymous_23)
FNDA:0,getUpdates
FNDA:0,(anonymous_25)
DA:5,1
DA:6,1
DA:7,1
DA:9,1
DA:10,1
DA:79,1
DA:80,0
DA:81,0
DA:82,0
DA:84,0
DA:85,0
DA:90,0
DA:91,0
DA:92,0
DA:93,0
DA:95,0
DA:97,0
DA:98,0
DA:106,1
DA:107,0
DA:108,0
DA:109,0
DA:110,0
DA:111,0
DA:112,0
DA:114,0
DA:116,0
DA:117,0
DA:127,1
DA:128,0
DA:130,0
DA:131,0
DA:133,0
DA:142,1
DA:143,0
DA:144,0
DA:145,0
DA:146,0
DA:147,0
DA:148,0
DA:150,0
DA:152,0
DA:153,0
LF:43
LH:9
BRDA:80,0,0,0
BRDA:80,1,0,0
BRDA:80,1,1,0
BRDA:91,2,0,0
BRDA:110,3,0,0
BRDA:142,4,0,0
BRDA:146,5,0,0
BRF:7
BRH:0
end_of_record
TN:
SF:src/logger/index.ts
FN:18,(anonymous_1)
FN:26,(anonymous_2)
FN:27,(anonymous_3)
FN:35,(anonymous_4)
FN:43,(anonymous_5)
FNF:5
FNH:3
FNDA:4,(anonymous_1)
FNDA:11,(anonymous_2)
FNDA:0,(anonymous_3)
FNDA:0,(anonymous_4)
FNDA:15,(anonymous_5)
DA:6,6
DA:7,6
DA:8,6
DA:10,6
DA:11,6
DA:12,6
DA:19,4
DA:20,4
DA:24,4
DA:27,11
DA:28,11
DA:36,11
DA:41,6
DA:43,15
DA:45,6
DA:51,6
DA:52,4
DA:60,6
DA:71,6
LF:19
LH:19
BRDA:33,0,0,11
BRDA:33,0,1,0
BRDA:51,1,0,4
BRDA:51,2,0,6
BRDA:51,2,1,4
BRDA:61,3,0,0
BRDA:61,3,1,6
BRF:7
BRH:5
end_of_record
TN:
SF:src/services/subscriptionManager.ts
FN:4,(anonymous_0)
FN:15,(anonymous_1)
FN:32,(anonymous_2)
FN:51,(anonymous_3)
FNF:4
FNH:2
FNDA:3,(anonymous_0)
FNDA:0,(anonymous_1)
FNDA:3,(anonymous_2)
FNDA:0,(anonymous_3)
DA:1,3
DA:5,3
DA:6,3
DA:7,3
DA:16,0
DA:17,0
DA:18,0
DA:19,0
DA:22,0
DA:23,0
DA:24,0
DA:33,3
DA:34,3
DA:35,3
DA:37,0
DA:40,3
DA:41,3
DA:42,0
DA:43,0
DA:44,0
DA:52,0
DA:57,3
LF:22
LH:10
BRDA:16,0,0,0
BRDA:16,0,1,0
BRDA:18,1,0,0
BRDA:33,2,0,3
BRDA:33,2,1,3
BRDA:34,3,0,3
BRDA:34,3,1,0
BRDA:41,4,0,0
BRDA:52,5,0,0
BRDA:52,5,1,0
BRF:10
BRH:3
end_of_record
